[2024-02-18 19:59:45,573] INFO  [41416 - main - {org.springframework.boot.StartupInfoLogger => logStarting, %PARSER_ERROR[l]}] com.practice.NetworkProjectApplication : Starting NetworkProjectApplication using Java 21.0.2 with PID 41416 (D:\study\toyproject\network_project\out\production\classes started by apdh1 in D:\study\toyproject\network_project)
[2024-02-18 19:59:45,593] INFO  [41416 - main - {org.springframework.boot.SpringApplication => logStartupProfileInfo, %PARSER_ERROR[l]}] com.practice.NetworkProjectApplication : No active profile set, falling back to 1 default profile: "default"
[2024-02-18 19:59:47,291] INFO  [41416 - main - {org.springframework.boot.web.embedded.tomcat.TomcatWebServer => initialize, %PARSER_ERROR[l]}] org.springframework.boot.web.embedded.tomcat.TomcatWebServer : Tomcat initialized with port 8585 (http)
[2024-02-18 19:59:47,305] INFO  [41416 - main - {org.apache.juli.logging.DirectJDKLog => log, %PARSER_ERROR[l]}] org.apache.catalina.core.StandardService : Starting service [Tomcat]
[2024-02-18 19:59:47,305] INFO  [41416 - main - {org.apache.juli.logging.DirectJDKLog => log, %PARSER_ERROR[l]}] org.apache.catalina.core.StandardEngine : Starting Servlet engine: [Apache Tomcat/10.1.17]
[2024-02-18 19:59:47,379] INFO  [41416 - main - {org.apache.juli.logging.DirectJDKLog => log, %PARSER_ERROR[l]}] org.apache.catalina.core.ContainerBase.[Tomcat].[localhost].[/] : Initializing Spring embedded WebApplicationContext
[2024-02-18 19:59:47,379] INFO  [41416 - main - {org.springframework.boot.web.servlet.context.ServletWebServerApplicationContext => prepareWebApplicationContext, %PARSER_ERROR[l]}] org.springframework.boot.web.servlet.context.ServletWebServerApplicationContext : Root WebApplicationContext: initialization completed in 1696 ms
[2024-02-18 19:59:47,669] INFO  [41416 - main - {org.springframework.boot.autoconfigure.web.servlet.WelcomePageHandlerMapping => <init>, %PARSER_ERROR[l]}] org.springframework.boot.autoconfigure.web.servlet.WelcomePageHandlerMapping : Adding welcome page template: index
[2024-02-18 19:59:47,980] INFO  [41416 - main - {org.springframework.boot.web.embedded.tomcat.TomcatWebServer => start, %PARSER_ERROR[l]}] org.springframework.boot.web.embedded.tomcat.TomcatWebServer : Tomcat started on port 8585 (http) with context path ''
[2024-02-18 19:59:47,991] INFO  [41416 - main - {org.springframework.boot.StartupInfoLogger => logStarted, %PARSER_ERROR[l]}] com.practice.NetworkProjectApplication : Started NetworkProjectApplication in 3.083 seconds (process running for 6.411)
[2024-02-18 20:05:55,686] INFO  [41416 - http-nio-8585-exec-1 - {org.apache.juli.logging.DirectJDKLog => log, %PARSER_ERROR[l]}] org.apache.catalina.core.ContainerBase.[Tomcat].[localhost].[/] : Initializing Spring DispatcherServlet 'dispatcherServlet'
[2024-02-18 20:05:55,687] INFO  [41416 - http-nio-8585-exec-1 - {org.springframework.web.servlet.FrameworkServlet => initServletBean, %PARSER_ERROR[l]}] org.springframework.web.servlet.DispatcherServlet : Initializing Servlet 'dispatcherServlet'
[2024-02-18 20:05:55,690] INFO  [41416 - http-nio-8585-exec-1 - {org.springframework.web.servlet.FrameworkServlet => initServletBean, %PARSER_ERROR[l]}] org.springframework.web.servlet.DispatcherServlet : Completed initialization in 1 ms
[2024-02-18 21:25:01,224] INFO  [9776 - main - {org.springframework.boot.StartupInfoLogger => logStarting, %PARSER_ERROR[l]}] com.practice.NetworkProjectApplication : Starting NetworkProjectApplication using Java 21.0.2 with PID 9776 (D:\study\toyproject\network_project\out\production\classes started by apdh1 in D:\study\toyproject\network_project)
[2024-02-18 21:25:01,226] INFO  [9776 - main - {org.springframework.boot.SpringApplication => logStartupProfileInfo, %PARSER_ERROR[l]}] com.practice.NetworkProjectApplication : No active profile set, falling back to 1 default profile: "default"
[2024-02-18 21:25:02,219] INFO  [9776 - main - {org.springframework.boot.web.embedded.tomcat.TomcatWebServer => initialize, %PARSER_ERROR[l]}] org.springframework.boot.web.embedded.tomcat.TomcatWebServer : Tomcat initialized with port 8585 (http)
[2024-02-18 21:25:02,231] INFO  [9776 - main - {org.apache.juli.logging.DirectJDKLog => log, %PARSER_ERROR[l]}] org.apache.catalina.core.StandardService : Starting service [Tomcat]
[2024-02-18 21:25:02,231] INFO  [9776 - main - {org.apache.juli.logging.DirectJDKLog => log, %PARSER_ERROR[l]}] org.apache.catalina.core.StandardEngine : Starting Servlet engine: [Apache Tomcat/10.1.17]
[2024-02-18 21:25:02,290] INFO  [9776 - main - {org.apache.juli.logging.DirectJDKLog => log, %PARSER_ERROR[l]}] org.apache.catalina.core.ContainerBase.[Tomcat].[localhost].[/] : Initializing Spring embedded WebApplicationContext
[2024-02-18 21:25:02,291] INFO  [9776 - main - {org.springframework.boot.web.servlet.context.ServletWebServerApplicationContext => prepareWebApplicationContext, %PARSER_ERROR[l]}] org.springframework.boot.web.servlet.context.ServletWebServerApplicationContext : Root WebApplicationContext: initialization completed in 1026 ms
[2024-02-18 21:25:02,530] INFO  [9776 - main - {org.springframework.boot.autoconfigure.web.servlet.WelcomePageHandlerMapping => <init>, %PARSER_ERROR[l]}] org.springframework.boot.autoconfigure.web.servlet.WelcomePageHandlerMapping : Adding welcome page template: index
[2024-02-18 21:25:02,846] INFO  [9776 - main - {org.springframework.boot.web.embedded.tomcat.TomcatWebServer => start, %PARSER_ERROR[l]}] org.springframework.boot.web.embedded.tomcat.TomcatWebServer : Tomcat started on port 8585 (http) with context path ''
[2024-02-18 21:25:02,860] INFO  [9776 - main - {org.springframework.boot.StartupInfoLogger => logStarted, %PARSER_ERROR[l]}] com.practice.NetworkProjectApplication : Started NetworkProjectApplication in 2.206 seconds (process running for 3.204)
[2024-02-18 21:27:50,535] INFO  [9776 - http-nio-8585-exec-1 - {org.apache.juli.logging.DirectJDKLog => log, %PARSER_ERROR[l]}] org.apache.catalina.core.ContainerBase.[Tomcat].[localhost].[/] : Initializing Spring DispatcherServlet 'dispatcherServlet'
[2024-02-18 21:27:50,536] INFO  [9776 - http-nio-8585-exec-1 - {org.springframework.web.servlet.FrameworkServlet => initServletBean, %PARSER_ERROR[l]}] org.springframework.web.servlet.DispatcherServlet : Initializing Servlet 'dispatcherServlet'
[2024-02-18 21:27:50,537] INFO  [9776 - http-nio-8585-exec-1 - {org.springframework.web.servlet.FrameworkServlet => initServletBean, %PARSER_ERROR[l]}] org.springframework.web.servlet.DispatcherServlet : Completed initialization in 1 ms
[2024-02-18 21:30:15,921] WARN  [9776 - SpringApplicationShutdownHook - {org.springframework.beans.factory.annotation.InitDestroyAnnotationBeanPostProcessor => postProcessBeforeDestruction, %PARSER_ERROR[l]}] org.springframework.context.annotation.CommonAnnotationBeanPostProcessor : Destroy method on bean with name 'tusProtocolConfig' threw an exception: org.springframework.beans.factory.BeanCreationNotAllowedException: Error creating bean with name 'tus': Singleton bean creation not allowed while singletons of this factory are in destruction (Do not request a bean from a BeanFactory in a destroy method implementation!)
[2024-02-18 21:30:20,108] INFO  [17480 - main - {org.springframework.boot.StartupInfoLogger => logStarting, %PARSER_ERROR[l]}] com.practice.NetworkProjectApplication : Starting NetworkProjectApplication using Java 21.0.2 with PID 17480 (D:\study\toyproject\network_project\out\production\classes started by apdh1 in D:\study\toyproject\network_project)
[2024-02-18 21:30:20,110] INFO  [17480 - main - {org.springframework.boot.SpringApplication => logStartupProfileInfo, %PARSER_ERROR[l]}] com.practice.NetworkProjectApplication : No active profile set, falling back to 1 default profile: "default"
[2024-02-18 21:30:20,949] INFO  [17480 - main - {org.springframework.boot.web.embedded.tomcat.TomcatWebServer => initialize, %PARSER_ERROR[l]}] org.springframework.boot.web.embedded.tomcat.TomcatWebServer : Tomcat initialized with port 8585 (http)
[2024-02-18 21:30:20,961] INFO  [17480 - main - {org.apache.juli.logging.DirectJDKLog => log, %PARSER_ERROR[l]}] org.apache.catalina.core.StandardService : Starting service [Tomcat]
[2024-02-18 21:30:20,962] INFO  [17480 - main - {org.apache.juli.logging.DirectJDKLog => log, %PARSER_ERROR[l]}] org.apache.catalina.core.StandardEngine : Starting Servlet engine: [Apache Tomcat/10.1.17]
[2024-02-18 21:30:21,013] INFO  [17480 - main - {org.apache.juli.logging.DirectJDKLog => log, %PARSER_ERROR[l]}] org.apache.catalina.core.ContainerBase.[Tomcat].[localhost].[/] : Initializing Spring embedded WebApplicationContext
[2024-02-18 21:30:21,013] INFO  [17480 - main - {org.springframework.boot.web.servlet.context.ServletWebServerApplicationContext => prepareWebApplicationContext, %PARSER_ERROR[l]}] org.springframework.boot.web.servlet.context.ServletWebServerApplicationContext : Root WebApplicationContext: initialization completed in 864 ms
[2024-02-18 21:30:21,178] INFO  [17480 - main - {org.springframework.boot.autoconfigure.web.servlet.WelcomePageHandlerMapping => <init>, %PARSER_ERROR[l]}] org.springframework.boot.autoconfigure.web.servlet.WelcomePageHandlerMapping : Adding welcome page template: index
[2024-02-18 21:30:21,458] INFO  [17480 - main - {org.springframework.boot.web.embedded.tomcat.TomcatWebServer => start, %PARSER_ERROR[l]}] org.springframework.boot.web.embedded.tomcat.TomcatWebServer : Tomcat started on port 8585 (http) with context path ''
[2024-02-18 21:30:21,467] INFO  [17480 - main - {org.springframework.boot.StartupInfoLogger => logStarted, %PARSER_ERROR[l]}] com.practice.NetworkProjectApplication : Started NetworkProjectApplication in 1.82 seconds (process running for 2.537)
[2024-02-18 21:31:49,838] INFO  [17480 - http-nio-8585-exec-1 - {org.apache.juli.logging.DirectJDKLog => log, %PARSER_ERROR[l]}] org.apache.catalina.core.ContainerBase.[Tomcat].[localhost].[/] : Initializing Spring DispatcherServlet 'dispatcherServlet'
[2024-02-18 21:31:49,839] INFO  [17480 - http-nio-8585-exec-1 - {org.springframework.web.servlet.FrameworkServlet => initServletBean, %PARSER_ERROR[l]}] org.springframework.web.servlet.DispatcherServlet : Initializing Servlet 'dispatcherServlet'
[2024-02-18 21:31:49,841] INFO  [17480 - http-nio-8585-exec-1 - {org.springframework.web.servlet.FrameworkServlet => initServletBean, %PARSER_ERROR[l]}] org.springframework.web.servlet.DispatcherServlet : Completed initialization in 2 ms
[2024-02-18 21:33:57,427] WARN  [17480 - SpringApplicationShutdownHook - {org.springframework.beans.factory.annotation.InitDestroyAnnotationBeanPostProcessor => postProcessBeforeDestruction, %PARSER_ERROR[l]}] org.springframework.context.annotation.CommonAnnotationBeanPostProcessor : Destroy method on bean with name 'tusProtocolConfig' threw an exception: org.springframework.beans.factory.BeanCreationNotAllowedException: Error creating bean with name 'tus': Singleton bean creation not allowed while singletons of this factory are in destruction (Do not request a bean from a BeanFactory in a destroy method implementation!)
[2024-02-18 21:33:59,605] INFO  [36816 - main - {org.springframework.boot.StartupInfoLogger => logStarting, %PARSER_ERROR[l]}] com.practice.NetworkProjectApplication : Starting NetworkProjectApplication using Java 21.0.2 with PID 36816 (D:\study\toyproject\network_project\out\production\classes started by apdh1 in D:\study\toyproject\network_project)
[2024-02-18 21:33:59,607] INFO  [36816 - main - {org.springframework.boot.SpringApplication => logStartupProfileInfo, %PARSER_ERROR[l]}] com.practice.NetworkProjectApplication : No active profile set, falling back to 1 default profile: "default"
[2024-02-18 21:34:00,445] INFO  [36816 - main - {org.springframework.boot.web.embedded.tomcat.TomcatWebServer => initialize, %PARSER_ERROR[l]}] org.springframework.boot.web.embedded.tomcat.TomcatWebServer : Tomcat initialized with port 8585 (http)
[2024-02-18 21:34:00,459] INFO  [36816 - main - {org.apache.juli.logging.DirectJDKLog => log, %PARSER_ERROR[l]}] org.apache.catalina.core.StandardService : Starting service [Tomcat]
[2024-02-18 21:34:00,459] INFO  [36816 - main - {org.apache.juli.logging.DirectJDKLog => log, %PARSER_ERROR[l]}] org.apache.catalina.core.StandardEngine : Starting Servlet engine: [Apache Tomcat/10.1.17]
[2024-02-18 21:34:00,512] INFO  [36816 - main - {org.apache.juli.logging.DirectJDKLog => log, %PARSER_ERROR[l]}] org.apache.catalina.core.ContainerBase.[Tomcat].[localhost].[/] : Initializing Spring embedded WebApplicationContext
[2024-02-18 21:34:00,512] INFO  [36816 - main - {org.springframework.boot.web.servlet.context.ServletWebServerApplicationContext => prepareWebApplicationContext, %PARSER_ERROR[l]}] org.springframework.boot.web.servlet.context.ServletWebServerApplicationContext : Root WebApplicationContext: initialization completed in 869 ms
[2024-02-18 21:34:00,706] INFO  [36816 - main - {org.springframework.boot.autoconfigure.web.servlet.WelcomePageHandlerMapping => <init>, %PARSER_ERROR[l]}] org.springframework.boot.autoconfigure.web.servlet.WelcomePageHandlerMapping : Adding welcome page template: index
[2024-02-18 21:34:00,986] INFO  [36816 - main - {org.springframework.boot.web.embedded.tomcat.TomcatWebServer => start, %PARSER_ERROR[l]}] org.springframework.boot.web.embedded.tomcat.TomcatWebServer : Tomcat started on port 8585 (http) with context path ''
[2024-02-18 21:34:01,000] INFO  [36816 - main - {org.springframework.boot.StartupInfoLogger => logStarted, %PARSER_ERROR[l]}] com.practice.NetworkProjectApplication : Started NetworkProjectApplication in 1.825 seconds (process running for 2.608)
[2024-02-18 21:34:07,554] INFO  [36816 - http-nio-8585-exec-1 - {org.apache.juli.logging.DirectJDKLog => log, %PARSER_ERROR[l]}] org.apache.catalina.core.ContainerBase.[Tomcat].[localhost].[/] : Initializing Spring DispatcherServlet 'dispatcherServlet'
[2024-02-18 21:34:07,556] INFO  [36816 - http-nio-8585-exec-1 - {org.springframework.web.servlet.FrameworkServlet => initServletBean, %PARSER_ERROR[l]}] org.springframework.web.servlet.DispatcherServlet : Initializing Servlet 'dispatcherServlet'
[2024-02-18 21:34:07,559] INFO  [36816 - http-nio-8585-exec-1 - {org.springframework.web.servlet.FrameworkServlet => initServletBean, %PARSER_ERROR[l]}] org.springframework.web.servlet.DispatcherServlet : Completed initialization in 3 ms
[2024-02-18 21:35:07,047] WARN  [36816 - SpringApplicationShutdownHook - {org.springframework.beans.factory.annotation.InitDestroyAnnotationBeanPostProcessor => postProcessBeforeDestruction, %PARSER_ERROR[l]}] org.springframework.context.annotation.CommonAnnotationBeanPostProcessor : Destroy method on bean with name 'tusProtocolConfig' threw an exception: org.springframework.beans.factory.BeanCreationNotAllowedException: Error creating bean with name 'tus': Singleton bean creation not allowed while singletons of this factory are in destruction (Do not request a bean from a BeanFactory in a destroy method implementation!)
[2024-02-18 21:35:09,283] INFO  [53156 - main - {org.springframework.boot.StartupInfoLogger => logStarting, %PARSER_ERROR[l]}] com.practice.NetworkProjectApplication : Starting NetworkProjectApplication using Java 21.0.2 with PID 53156 (D:\study\toyproject\network_project\out\production\classes started by apdh1 in D:\study\toyproject\network_project)
[2024-02-18 21:35:09,285] INFO  [53156 - main - {org.springframework.boot.SpringApplication => logStartupProfileInfo, %PARSER_ERROR[l]}] com.practice.NetworkProjectApplication : No active profile set, falling back to 1 default profile: "default"
[2024-02-18 21:35:10,123] INFO  [53156 - main - {org.springframework.boot.web.embedded.tomcat.TomcatWebServer => initialize, %PARSER_ERROR[l]}] org.springframework.boot.web.embedded.tomcat.TomcatWebServer : Tomcat initialized with port 8585 (http)
[2024-02-18 21:35:10,134] INFO  [53156 - main - {org.apache.juli.logging.DirectJDKLog => log, %PARSER_ERROR[l]}] org.apache.catalina.core.StandardService : Starting service [Tomcat]
[2024-02-18 21:35:10,134] INFO  [53156 - main - {org.apache.juli.logging.DirectJDKLog => log, %PARSER_ERROR[l]}] org.apache.catalina.core.StandardEngine : Starting Servlet engine: [Apache Tomcat/10.1.17]
[2024-02-18 21:35:10,187] INFO  [53156 - main - {org.apache.juli.logging.DirectJDKLog => log, %PARSER_ERROR[l]}] org.apache.catalina.core.ContainerBase.[Tomcat].[localhost].[/] : Initializing Spring embedded WebApplicationContext
[2024-02-18 21:35:10,188] INFO  [53156 - main - {org.springframework.boot.web.servlet.context.ServletWebServerApplicationContext => prepareWebApplicationContext, %PARSER_ERROR[l]}] org.springframework.boot.web.servlet.context.ServletWebServerApplicationContext : Root WebApplicationContext: initialization completed in 859 ms
[2024-02-18 21:35:10,361] INFO  [53156 - main - {org.springframework.boot.autoconfigure.web.servlet.WelcomePageHandlerMapping => <init>, %PARSER_ERROR[l]}] org.springframework.boot.autoconfigure.web.servlet.WelcomePageHandlerMapping : Adding welcome page template: index
[2024-02-18 21:35:10,639] INFO  [53156 - main - {org.springframework.boot.web.embedded.tomcat.TomcatWebServer => start, %PARSER_ERROR[l]}] org.springframework.boot.web.embedded.tomcat.TomcatWebServer : Tomcat started on port 8585 (http) with context path ''
[2024-02-18 21:35:10,648] INFO  [53156 - main - {org.springframework.boot.StartupInfoLogger => logStarted, %PARSER_ERROR[l]}] com.practice.NetworkProjectApplication : Started NetworkProjectApplication in 1.811 seconds (process running for 2.598)
[2024-02-18 21:35:15,312] INFO  [53156 - http-nio-8585-exec-1 - {org.apache.juli.logging.DirectJDKLog => log, %PARSER_ERROR[l]}] org.apache.catalina.core.ContainerBase.[Tomcat].[localhost].[/] : Initializing Spring DispatcherServlet 'dispatcherServlet'
[2024-02-18 21:35:15,313] INFO  [53156 - http-nio-8585-exec-1 - {org.springframework.web.servlet.FrameworkServlet => initServletBean, %PARSER_ERROR[l]}] org.springframework.web.servlet.DispatcherServlet : Initializing Servlet 'dispatcherServlet'
[2024-02-18 21:35:15,314] INFO  [53156 - http-nio-8585-exec-1 - {org.springframework.web.servlet.FrameworkServlet => initServletBean, %PARSER_ERROR[l]}] org.springframework.web.servlet.DispatcherServlet : Completed initialization in 1 ms
[2024-02-18 21:37:04,555] WARN  [53156 - SpringApplicationShutdownHook - {org.springframework.beans.factory.annotation.InitDestroyAnnotationBeanPostProcessor => postProcessBeforeDestruction, %PARSER_ERROR[l]}] org.springframework.context.annotation.CommonAnnotationBeanPostProcessor : Destroy method on bean with name 'tusProtocolConfig' threw an exception: org.springframework.beans.factory.BeanCreationNotAllowedException: Error creating bean with name 'tus': Singleton bean creation not allowed while singletons of this factory are in destruction (Do not request a bean from a BeanFactory in a destroy method implementation!)
[2024-02-18 21:37:06,860] INFO  [49376 - main - {org.springframework.boot.StartupInfoLogger => logStarting, %PARSER_ERROR[l]}] com.practice.NetworkProjectApplication : Starting NetworkProjectApplication using Java 21.0.2 with PID 49376 (D:\study\toyproject\network_project\out\production\classes started by apdh1 in D:\study\toyproject\network_project)
[2024-02-18 21:37:06,862] INFO  [49376 - main - {org.springframework.boot.SpringApplication => logStartupProfileInfo, %PARSER_ERROR[l]}] com.practice.NetworkProjectApplication : No active profile set, falling back to 1 default profile: "default"
[2024-02-18 21:37:07,717] INFO  [49376 - main - {org.springframework.boot.web.embedded.tomcat.TomcatWebServer => initialize, %PARSER_ERROR[l]}] org.springframework.boot.web.embedded.tomcat.TomcatWebServer : Tomcat initialized with port 8585 (http)
[2024-02-18 21:37:07,730] INFO  [49376 - main - {org.apache.juli.logging.DirectJDKLog => log, %PARSER_ERROR[l]}] org.apache.catalina.core.StandardService : Starting service [Tomcat]
[2024-02-18 21:37:07,730] INFO  [49376 - main - {org.apache.juli.logging.DirectJDKLog => log, %PARSER_ERROR[l]}] org.apache.catalina.core.StandardEngine : Starting Servlet engine: [Apache Tomcat/10.1.17]
[2024-02-18 21:37:07,781] INFO  [49376 - main - {org.apache.juli.logging.DirectJDKLog => log, %PARSER_ERROR[l]}] org.apache.catalina.core.ContainerBase.[Tomcat].[localhost].[/] : Initializing Spring embedded WebApplicationContext
[2024-02-18 21:37:07,782] INFO  [49376 - main - {org.springframework.boot.web.servlet.context.ServletWebServerApplicationContext => prepareWebApplicationContext, %PARSER_ERROR[l]}] org.springframework.boot.web.servlet.context.ServletWebServerApplicationContext : Root WebApplicationContext: initialization completed in 882 ms
[2024-02-18 21:37:07,925] INFO  [49376 - main - {org.springframework.boot.autoconfigure.web.servlet.WelcomePageHandlerMapping => <init>, %PARSER_ERROR[l]}] org.springframework.boot.autoconfigure.web.servlet.WelcomePageHandlerMapping : Adding welcome page template: index
[2024-02-18 21:37:08,194] INFO  [49376 - main - {org.springframework.boot.web.embedded.tomcat.TomcatWebServer => start, %PARSER_ERROR[l]}] org.springframework.boot.web.embedded.tomcat.TomcatWebServer : Tomcat started on port 8585 (http) with context path ''
[2024-02-18 21:37:08,202] INFO  [49376 - main - {org.springframework.boot.StartupInfoLogger => logStarted, %PARSER_ERROR[l]}] com.practice.NetworkProjectApplication : Started NetworkProjectApplication in 1.77 seconds (process running for 2.598)
[2024-02-18 21:37:13,157] INFO  [49376 - http-nio-8585-exec-1 - {org.apache.juli.logging.DirectJDKLog => log, %PARSER_ERROR[l]}] org.apache.catalina.core.ContainerBase.[Tomcat].[localhost].[/] : Initializing Spring DispatcherServlet 'dispatcherServlet'
[2024-02-18 21:37:13,158] INFO  [49376 - http-nio-8585-exec-1 - {org.springframework.web.servlet.FrameworkServlet => initServletBean, %PARSER_ERROR[l]}] org.springframework.web.servlet.DispatcherServlet : Initializing Servlet 'dispatcherServlet'
[2024-02-18 21:37:13,160] INFO  [49376 - http-nio-8585-exec-1 - {org.springframework.web.servlet.FrameworkServlet => initServletBean, %PARSER_ERROR[l]}] org.springframework.web.servlet.DispatcherServlet : Completed initialization in 2 ms
[2024-02-18 21:46:16,212] WARN  [49376 - SpringApplicationShutdownHook - {org.springframework.beans.factory.annotation.InitDestroyAnnotationBeanPostProcessor => postProcessBeforeDestruction, %PARSER_ERROR[l]}] org.springframework.context.annotation.CommonAnnotationBeanPostProcessor : Destroy method on bean with name 'tusProtocolConfig' threw an exception: org.springframework.beans.factory.BeanCreationNotAllowedException: Error creating bean with name 'tus': Singleton bean creation not allowed while singletons of this factory are in destruction (Do not request a bean from a BeanFactory in a destroy method implementation!)
[2024-02-18 21:46:20,119] INFO  [26396 - main - {org.springframework.boot.StartupInfoLogger => logStarting, %PARSER_ERROR[l]}] com.practice.NetworkProjectApplication : Starting NetworkProjectApplication using Java 21.0.2 with PID 26396 (D:\study\toyproject\network_project\out\production\classes started by apdh1 in D:\study\toyproject\network_project)
[2024-02-18 21:46:20,121] INFO  [26396 - main - {org.springframework.boot.SpringApplication => logStartupProfileInfo, %PARSER_ERROR[l]}] com.practice.NetworkProjectApplication : No active profile set, falling back to 1 default profile: "default"
[2024-02-18 21:46:20,964] INFO  [26396 - main - {org.springframework.boot.web.embedded.tomcat.TomcatWebServer => initialize, %PARSER_ERROR[l]}] org.springframework.boot.web.embedded.tomcat.TomcatWebServer : Tomcat initialized with port 8585 (http)
[2024-02-18 21:46:20,976] INFO  [26396 - main - {org.apache.juli.logging.DirectJDKLog => log, %PARSER_ERROR[l]}] org.apache.catalina.core.StandardService : Starting service [Tomcat]
[2024-02-18 21:46:20,977] INFO  [26396 - main - {org.apache.juli.logging.DirectJDKLog => log, %PARSER_ERROR[l]}] org.apache.catalina.core.StandardEngine : Starting Servlet engine: [Apache Tomcat/10.1.17]
[2024-02-18 21:46:21,032] INFO  [26396 - main - {org.apache.juli.logging.DirectJDKLog => log, %PARSER_ERROR[l]}] org.apache.catalina.core.ContainerBase.[Tomcat].[localhost].[/] : Initializing Spring embedded WebApplicationContext
[2024-02-18 21:46:21,033] INFO  [26396 - main - {org.springframework.boot.web.servlet.context.ServletWebServerApplicationContext => prepareWebApplicationContext, %PARSER_ERROR[l]}] org.springframework.boot.web.servlet.context.ServletWebServerApplicationContext : Root WebApplicationContext: initialization completed in 873 ms
[2024-02-18 21:46:21,194] INFO  [26396 - main - {org.springframework.boot.autoconfigure.web.servlet.WelcomePageHandlerMapping => <init>, %PARSER_ERROR[l]}] org.springframework.boot.autoconfigure.web.servlet.WelcomePageHandlerMapping : Adding welcome page template: index
[2024-02-18 21:46:21,460] INFO  [26396 - main - {org.springframework.boot.web.embedded.tomcat.TomcatWebServer => start, %PARSER_ERROR[l]}] org.springframework.boot.web.embedded.tomcat.TomcatWebServer : Tomcat started on port 8585 (http) with context path ''
[2024-02-18 21:46:21,473] INFO  [26396 - main - {org.springframework.boot.StartupInfoLogger => logStarted, %PARSER_ERROR[l]}] com.practice.NetworkProjectApplication : Started NetworkProjectApplication in 1.812 seconds (process running for 2.522)
[2024-02-18 21:46:29,146] INFO  [26396 - http-nio-8585-exec-1 - {org.apache.juli.logging.DirectJDKLog => log, %PARSER_ERROR[l]}] org.apache.catalina.core.ContainerBase.[Tomcat].[localhost].[/] : Initializing Spring DispatcherServlet 'dispatcherServlet'
[2024-02-18 21:46:29,147] INFO  [26396 - http-nio-8585-exec-1 - {org.springframework.web.servlet.FrameworkServlet => initServletBean, %PARSER_ERROR[l]}] org.springframework.web.servlet.DispatcherServlet : Initializing Servlet 'dispatcherServlet'
[2024-02-18 21:46:29,149] INFO  [26396 - http-nio-8585-exec-1 - {org.springframework.web.servlet.FrameworkServlet => initServletBean, %PARSER_ERROR[l]}] org.springframework.web.servlet.DispatcherServlet : Completed initialization in 2 ms
[2024-02-18 21:47:49,056] INFO  [26396 - http-nio-8585-exec-8 - {org.apache.juli.logging.DirectJDKLog => log, %PARSER_ERROR[l]}] org.apache.tomcat.util.http.parser.Cookie : A cookie header was received [whatap_sesion_max_expired_29708=Sun, 18 Feb 2024 16:12:30 GMT] that contained an invalid cookie. That cookie will be ignored.
 Note: further occurrences of this error will be logged at DEBUG level.
[2024-02-18 21:48:49,777] WARN  [26396 - SpringApplicationShutdownHook - {org.springframework.beans.factory.annotation.InitDestroyAnnotationBeanPostProcessor => postProcessBeforeDestruction, %PARSER_ERROR[l]}] org.springframework.context.annotation.CommonAnnotationBeanPostProcessor : Destroy method on bean with name 'tusProtocolConfig' threw an exception: org.springframework.beans.factory.BeanCreationNotAllowedException: Error creating bean with name 'tus': Singleton bean creation not allowed while singletons of this factory are in destruction (Do not request a bean from a BeanFactory in a destroy method implementation!)
[2024-02-18 21:48:52,013] INFO  [29256 - main - {org.springframework.boot.StartupInfoLogger => logStarting, %PARSER_ERROR[l]}] com.practice.NetworkProjectApplication : Starting NetworkProjectApplication using Java 21.0.2 with PID 29256 (D:\study\toyproject\network_project\out\production\classes started by apdh1 in D:\study\toyproject\network_project)
[2024-02-18 21:48:52,016] INFO  [29256 - main - {org.springframework.boot.SpringApplication => logStartupProfileInfo, %PARSER_ERROR[l]}] com.practice.NetworkProjectApplication : No active profile set, falling back to 1 default profile: "default"
[2024-02-18 21:48:52,915] INFO  [29256 - main - {org.springframework.boot.web.embedded.tomcat.TomcatWebServer => initialize, %PARSER_ERROR[l]}] org.springframework.boot.web.embedded.tomcat.TomcatWebServer : Tomcat initialized with port 8585 (http)
[2024-02-18 21:48:52,927] INFO  [29256 - main - {org.apache.juli.logging.DirectJDKLog => log, %PARSER_ERROR[l]}] org.apache.catalina.core.StandardService : Starting service [Tomcat]
[2024-02-18 21:48:52,927] INFO  [29256 - main - {org.apache.juli.logging.DirectJDKLog => log, %PARSER_ERROR[l]}] org.apache.catalina.core.StandardEngine : Starting Servlet engine: [Apache Tomcat/10.1.17]
[2024-02-18 21:48:52,981] INFO  [29256 - main - {org.apache.juli.logging.DirectJDKLog => log, %PARSER_ERROR[l]}] org.apache.catalina.core.ContainerBase.[Tomcat].[localhost].[/] : Initializing Spring embedded WebApplicationContext
[2024-02-18 21:48:52,981] INFO  [29256 - main - {org.springframework.boot.web.servlet.context.ServletWebServerApplicationContext => prepareWebApplicationContext, %PARSER_ERROR[l]}] org.springframework.boot.web.servlet.context.ServletWebServerApplicationContext : Root WebApplicationContext: initialization completed in 922 ms
[2024-02-18 21:48:53,139] INFO  [29256 - main - {org.springframework.boot.autoconfigure.web.servlet.WelcomePageHandlerMapping => <init>, %PARSER_ERROR[l]}] org.springframework.boot.autoconfigure.web.servlet.WelcomePageHandlerMapping : Adding welcome page template: index
[2024-02-18 21:48:53,402] INFO  [29256 - main - {org.springframework.boot.web.embedded.tomcat.TomcatWebServer => start, %PARSER_ERROR[l]}] org.springframework.boot.web.embedded.tomcat.TomcatWebServer : Tomcat started on port 8585 (http) with context path ''
[2024-02-18 21:48:53,416] INFO  [29256 - main - {org.springframework.boot.StartupInfoLogger => logStarted, %PARSER_ERROR[l]}] com.practice.NetworkProjectApplication : Started NetworkProjectApplication in 1.862 seconds (process running for 2.662)
[2024-02-18 21:48:58,349] INFO  [29256 - http-nio-8585-exec-1 - {org.apache.juli.logging.DirectJDKLog => log, %PARSER_ERROR[l]}] org.apache.tomcat.util.http.parser.Cookie : A cookie header was received [whatap_sesion_max_expired_29708=Sun, 18 Feb 2024 16:12:30 GMT] that contained an invalid cookie. That cookie will be ignored.
 Note: further occurrences of this error will be logged at DEBUG level.
[2024-02-18 21:48:58,356] INFO  [29256 - http-nio-8585-exec-1 - {org.apache.juli.logging.DirectJDKLog => log, %PARSER_ERROR[l]}] org.apache.catalina.core.ContainerBase.[Tomcat].[localhost].[/] : Initializing Spring DispatcherServlet 'dispatcherServlet'
[2024-02-18 21:48:58,357] INFO  [29256 - http-nio-8585-exec-1 - {org.springframework.web.servlet.FrameworkServlet => initServletBean, %PARSER_ERROR[l]}] org.springframework.web.servlet.DispatcherServlet : Initializing Servlet 'dispatcherServlet'
[2024-02-18 21:48:58,358] INFO  [29256 - http-nio-8585-exec-1 - {org.springframework.web.servlet.FrameworkServlet => initServletBean, %PARSER_ERROR[l]}] org.springframework.web.servlet.DispatcherServlet : Completed initialization in 1 ms
[2024-02-18 21:53:18,126] WARN  [29256 - SpringApplicationShutdownHook - {org.springframework.beans.factory.annotation.InitDestroyAnnotationBeanPostProcessor => postProcessBeforeDestruction, %PARSER_ERROR[l]}] org.springframework.context.annotation.CommonAnnotationBeanPostProcessor : Destroy method on bean with name 'tusProtocolConfig' threw an exception: org.springframework.beans.factory.BeanCreationNotAllowedException: Error creating bean with name 'tus': Singleton bean creation not allowed while singletons of this factory are in destruction (Do not request a bean from a BeanFactory in a destroy method implementation!)
[2024-02-18 21:53:21,545] INFO  [51340 - main - {org.springframework.boot.StartupInfoLogger => logStarting, %PARSER_ERROR[l]}] com.practice.NetworkProjectApplication : Starting NetworkProjectApplication using Java 21.0.2 with PID 51340 (D:\study\toyproject\network_project\out\production\classes started by apdh1 in D:\study\toyproject\network_project)
[2024-02-18 21:53:21,548] INFO  [51340 - main - {org.springframework.boot.SpringApplication => logStartupProfileInfo, %PARSER_ERROR[l]}] com.practice.NetworkProjectApplication : No active profile set, falling back to 1 default profile: "default"
[2024-02-18 21:53:22,791] INFO  [51340 - main - {org.springframework.boot.web.embedded.tomcat.TomcatWebServer => initialize, %PARSER_ERROR[l]}] org.springframework.boot.web.embedded.tomcat.TomcatWebServer : Tomcat initialized with port 8585 (http)
[2024-02-18 21:53:22,808] INFO  [51340 - main - {org.apache.juli.logging.DirectJDKLog => log, %PARSER_ERROR[l]}] org.apache.catalina.core.StandardService : Starting service [Tomcat]
[2024-02-18 21:53:22,809] INFO  [51340 - main - {org.apache.juli.logging.DirectJDKLog => log, %PARSER_ERROR[l]}] org.apache.catalina.core.StandardEngine : Starting Servlet engine: [Apache Tomcat/10.1.17]
[2024-02-18 21:53:22,876] INFO  [51340 - main - {org.apache.juli.logging.DirectJDKLog => log, %PARSER_ERROR[l]}] org.apache.catalina.core.ContainerBase.[Tomcat].[localhost].[/] : Initializing Spring embedded WebApplicationContext
[2024-02-18 21:53:22,876] INFO  [51340 - main - {org.springframework.boot.web.servlet.context.ServletWebServerApplicationContext => prepareWebApplicationContext, %PARSER_ERROR[l]}] org.springframework.boot.web.servlet.context.ServletWebServerApplicationContext : Root WebApplicationContext: initialization completed in 1263 ms
[2024-02-18 21:53:23,089] INFO  [51340 - main - {org.springframework.boot.autoconfigure.web.servlet.WelcomePageHandlerMapping => <init>, %PARSER_ERROR[l]}] org.springframework.boot.autoconfigure.web.servlet.WelcomePageHandlerMapping : Adding welcome page template: index
[2024-02-18 21:53:23,484] INFO  [51340 - main - {org.springframework.boot.web.embedded.tomcat.TomcatWebServer => start, %PARSER_ERROR[l]}] org.springframework.boot.web.embedded.tomcat.TomcatWebServer : Tomcat started on port 8585 (http) with context path ''
[2024-02-18 21:53:23,494] INFO  [51340 - main - {org.springframework.boot.StartupInfoLogger => logStarted, %PARSER_ERROR[l]}] com.practice.NetworkProjectApplication : Started NetworkProjectApplication in 2.619 seconds (process running for 3.952)
[2024-02-18 21:53:40,475] INFO  [51340 - http-nio-8585-exec-1 - {org.apache.juli.logging.DirectJDKLog => log, %PARSER_ERROR[l]}] org.apache.tomcat.util.http.parser.Cookie : A cookie header was received [whatap_sesion_max_expired_29708=Sun, 18 Feb 2024 16:12:30 GMT] that contained an invalid cookie. That cookie will be ignored.
 Note: further occurrences of this error will be logged at DEBUG level.
[2024-02-18 21:53:40,484] INFO  [51340 - http-nio-8585-exec-1 - {org.apache.juli.logging.DirectJDKLog => log, %PARSER_ERROR[l]}] org.apache.catalina.core.ContainerBase.[Tomcat].[localhost].[/] : Initializing Spring DispatcherServlet 'dispatcherServlet'
[2024-02-18 21:53:40,484] INFO  [51340 - http-nio-8585-exec-1 - {org.springframework.web.servlet.FrameworkServlet => initServletBean, %PARSER_ERROR[l]}] org.springframework.web.servlet.DispatcherServlet : Initializing Servlet 'dispatcherServlet'
[2024-02-18 21:53:40,485] INFO  [51340 - http-nio-8585-exec-1 - {org.springframework.web.servlet.FrameworkServlet => initServletBean, %PARSER_ERROR[l]}] org.springframework.web.servlet.DispatcherServlet : Completed initialization in 0 ms
[2024-02-18 21:55:57,398] WARN  [51340 - SpringApplicationShutdownHook - {org.springframework.beans.factory.annotation.InitDestroyAnnotationBeanPostProcessor => postProcessBeforeDestruction, %PARSER_ERROR[l]}] org.springframework.context.annotation.CommonAnnotationBeanPostProcessor : Destroy method on bean with name 'tusProtocolConfig' threw an exception: org.springframework.beans.factory.BeanCreationNotAllowedException: Error creating bean with name 'tus': Singleton bean creation not allowed while singletons of this factory are in destruction (Do not request a bean from a BeanFactory in a destroy method implementation!)
[2024-02-18 21:55:59,889] INFO  [7372 - main - {org.springframework.boot.StartupInfoLogger => logStarting, %PARSER_ERROR[l]}] com.practice.NetworkProjectApplication : Starting NetworkProjectApplication using Java 21.0.2 with PID 7372 (D:\study\toyproject\network_project\out\production\classes started by apdh1 in D:\study\toyproject\network_project)
[2024-02-18 21:55:59,891] INFO  [7372 - main - {org.springframework.boot.SpringApplication => logStartupProfileInfo, %PARSER_ERROR[l]}] com.practice.NetworkProjectApplication : No active profile set, falling back to 1 default profile: "default"
[2024-02-18 21:56:00,814] INFO  [7372 - main - {org.springframework.boot.web.embedded.tomcat.TomcatWebServer => initialize, %PARSER_ERROR[l]}] org.springframework.boot.web.embedded.tomcat.TomcatWebServer : Tomcat initialized with port 8585 (http)
[2024-02-18 21:56:00,827] INFO  [7372 - main - {org.apache.juli.logging.DirectJDKLog => log, %PARSER_ERROR[l]}] org.apache.catalina.core.StandardService : Starting service [Tomcat]
[2024-02-18 21:56:00,827] INFO  [7372 - main - {org.apache.juli.logging.DirectJDKLog => log, %PARSER_ERROR[l]}] org.apache.catalina.core.StandardEngine : Starting Servlet engine: [Apache Tomcat/10.1.17]
[2024-02-18 21:56:00,898] INFO  [7372 - main - {org.apache.juli.logging.DirectJDKLog => log, %PARSER_ERROR[l]}] org.apache.catalina.core.ContainerBase.[Tomcat].[localhost].[/] : Initializing Spring embedded WebApplicationContext
[2024-02-18 21:56:00,899] INFO  [7372 - main - {org.springframework.boot.web.servlet.context.ServletWebServerApplicationContext => prepareWebApplicationContext, %PARSER_ERROR[l]}] org.springframework.boot.web.servlet.context.ServletWebServerApplicationContext : Root WebApplicationContext: initialization completed in 969 ms
[2024-02-18 21:56:01,071] INFO  [7372 - main - {org.springframework.boot.autoconfigure.web.servlet.WelcomePageHandlerMapping => <init>, %PARSER_ERROR[l]}] org.springframework.boot.autoconfigure.web.servlet.WelcomePageHandlerMapping : Adding welcome page template: index
[2024-02-18 21:56:01,338] INFO  [7372 - main - {org.springframework.boot.web.embedded.tomcat.TomcatWebServer => start, %PARSER_ERROR[l]}] org.springframework.boot.web.embedded.tomcat.TomcatWebServer : Tomcat started on port 8585 (http) with context path ''
[2024-02-18 21:56:01,348] INFO  [7372 - main - {org.springframework.boot.StartupInfoLogger => logStarted, %PARSER_ERROR[l]}] com.practice.NetworkProjectApplication : Started NetworkProjectApplication in 1.938 seconds (process running for 2.69)
[2024-02-18 21:56:08,968] INFO  [7372 - http-nio-8585-exec-1 - {org.apache.juli.logging.DirectJDKLog => log, %PARSER_ERROR[l]}] org.apache.tomcat.util.http.parser.Cookie : A cookie header was received [whatap_sesion_max_expired_29708=Sun, 18 Feb 2024 16:12:30 GMT] that contained an invalid cookie. That cookie will be ignored.
 Note: further occurrences of this error will be logged at DEBUG level.
[2024-02-18 21:56:08,982] INFO  [7372 - http-nio-8585-exec-1 - {org.apache.juli.logging.DirectJDKLog => log, %PARSER_ERROR[l]}] org.apache.catalina.core.ContainerBase.[Tomcat].[localhost].[/] : Initializing Spring DispatcherServlet 'dispatcherServlet'
[2024-02-18 21:56:08,983] INFO  [7372 - http-nio-8585-exec-1 - {org.springframework.web.servlet.FrameworkServlet => initServletBean, %PARSER_ERROR[l]}] org.springframework.web.servlet.DispatcherServlet : Initializing Servlet 'dispatcherServlet'
[2024-02-18 21:56:08,985] INFO  [7372 - http-nio-8585-exec-1 - {org.springframework.web.servlet.FrameworkServlet => initServletBean, %PARSER_ERROR[l]}] org.springframework.web.servlet.DispatcherServlet : Completed initialization in 2 ms
[2024-02-18 22:03:53,670] WARN  [7372 - SpringApplicationShutdownHook - {org.springframework.beans.factory.annotation.InitDestroyAnnotationBeanPostProcessor => postProcessBeforeDestruction, %PARSER_ERROR[l]}] org.springframework.context.annotation.CommonAnnotationBeanPostProcessor : Destroy method on bean with name 'tusProtocolConfig' threw an exception: org.springframework.beans.factory.BeanCreationNotAllowedException: Error creating bean with name 'tus': Singleton bean creation not allowed while singletons of this factory are in destruction (Do not request a bean from a BeanFactory in a destroy method implementation!)
[2024-02-18 22:03:57,640] INFO  [10540 - main - {org.springframework.boot.StartupInfoLogger => logStarting, %PARSER_ERROR[l]}] com.practice.NetworkProjectApplication : Starting NetworkProjectApplication using Java 21.0.2 with PID 10540 (D:\study\toyproject\network_project\out\production\classes started by apdh1 in D:\study\toyproject\network_project)
[2024-02-18 22:03:57,643] INFO  [10540 - main - {org.springframework.boot.SpringApplication => logStartupProfileInfo, %PARSER_ERROR[l]}] com.practice.NetworkProjectApplication : No active profile set, falling back to 1 default profile: "default"
[2024-02-18 22:03:58,578] INFO  [10540 - main - {org.springframework.boot.web.embedded.tomcat.TomcatWebServer => initialize, %PARSER_ERROR[l]}] org.springframework.boot.web.embedded.tomcat.TomcatWebServer : Tomcat initialized with port 8585 (http)
[2024-02-18 22:03:58,589] INFO  [10540 - main - {org.apache.juli.logging.DirectJDKLog => log, %PARSER_ERROR[l]}] org.apache.catalina.core.StandardService : Starting service [Tomcat]
[2024-02-18 22:03:58,590] INFO  [10540 - main - {org.apache.juli.logging.DirectJDKLog => log, %PARSER_ERROR[l]}] org.apache.catalina.core.StandardEngine : Starting Servlet engine: [Apache Tomcat/10.1.17]
[2024-02-18 22:03:58,639] INFO  [10540 - main - {org.apache.juli.logging.DirectJDKLog => log, %PARSER_ERROR[l]}] org.apache.catalina.core.ContainerBase.[Tomcat].[localhost].[/] : Initializing Spring embedded WebApplicationContext
[2024-02-18 22:03:58,639] INFO  [10540 - main - {org.springframework.boot.web.servlet.context.ServletWebServerApplicationContext => prepareWebApplicationContext, %PARSER_ERROR[l]}] org.springframework.boot.web.servlet.context.ServletWebServerApplicationContext : Root WebApplicationContext: initialization completed in 950 ms
[2024-02-18 22:03:58,812] INFO  [10540 - main - {org.springframework.boot.autoconfigure.web.servlet.WelcomePageHandlerMapping => <init>, %PARSER_ERROR[l]}] org.springframework.boot.autoconfigure.web.servlet.WelcomePageHandlerMapping : Adding welcome page template: index
[2024-02-18 22:03:59,100] INFO  [10540 - main - {org.springframework.boot.web.embedded.tomcat.TomcatWebServer => start, %PARSER_ERROR[l]}] org.springframework.boot.web.embedded.tomcat.TomcatWebServer : Tomcat started on port 8585 (http) with context path ''
[2024-02-18 22:03:59,114] INFO  [10540 - main - {org.springframework.boot.StartupInfoLogger => logStarted, %PARSER_ERROR[l]}] com.practice.NetworkProjectApplication : Started NetworkProjectApplication in 1.962 seconds (process running for 2.713)
[2024-02-18 22:05:11,594] INFO  [10540 - http-nio-8585-exec-1 - {org.apache.juli.logging.DirectJDKLog => log, %PARSER_ERROR[l]}] org.apache.tomcat.util.http.parser.Cookie : A cookie header was received [whatap_sesion_max_expired_29708=Sun, 18 Feb 2024 16:12:30 GMT] that contained an invalid cookie. That cookie will be ignored.
 Note: further occurrences of this error will be logged at DEBUG level.
[2024-02-18 22:05:11,605] INFO  [10540 - http-nio-8585-exec-1 - {org.apache.juli.logging.DirectJDKLog => log, %PARSER_ERROR[l]}] org.apache.catalina.core.ContainerBase.[Tomcat].[localhost].[/] : Initializing Spring DispatcherServlet 'dispatcherServlet'
[2024-02-18 22:05:11,606] INFO  [10540 - http-nio-8585-exec-1 - {org.springframework.web.servlet.FrameworkServlet => initServletBean, %PARSER_ERROR[l]}] org.springframework.web.servlet.DispatcherServlet : Initializing Servlet 'dispatcherServlet'
[2024-02-18 22:05:11,607] INFO  [10540 - http-nio-8585-exec-1 - {org.springframework.web.servlet.FrameworkServlet => initServletBean, %PARSER_ERROR[l]}] org.springframework.web.servlet.DispatcherServlet : Completed initialization in 1 ms
[2024-02-18 22:08:31,693] WARN  [10540 - SpringApplicationShutdownHook - {org.springframework.beans.factory.annotation.InitDestroyAnnotationBeanPostProcessor => postProcessBeforeDestruction, %PARSER_ERROR[l]}] org.springframework.context.annotation.CommonAnnotationBeanPostProcessor : Destroy method on bean with name 'tusProtocolConfig' threw an exception: org.springframework.beans.factory.BeanCreationNotAllowedException: Error creating bean with name 'tus': Singleton bean creation not allowed while singletons of this factory are in destruction (Do not request a bean from a BeanFactory in a destroy method implementation!)
[2024-02-18 22:08:34,960] INFO  [29828 - main - {org.springframework.boot.StartupInfoLogger => logStarting, %PARSER_ERROR[l]}] com.practice.NetworkProjectApplication : Starting NetworkProjectApplication using Java 21.0.2 with PID 29828 (D:\study\toyproject\network_project\out\production\classes started by apdh1 in D:\study\toyproject\network_project)
[2024-02-18 22:08:34,964] INFO  [29828 - main - {org.springframework.boot.SpringApplication => logStartupProfileInfo, %PARSER_ERROR[l]}] com.practice.NetworkProjectApplication : No active profile set, falling back to 1 default profile: "default"
[2024-02-18 22:08:36,582] INFO  [29828 - main - {org.springframework.boot.web.embedded.tomcat.TomcatWebServer => initialize, %PARSER_ERROR[l]}] org.springframework.boot.web.embedded.tomcat.TomcatWebServer : Tomcat initialized with port 8585 (http)
[2024-02-18 22:08:36,604] INFO  [29828 - main - {org.apache.juli.logging.DirectJDKLog => log, %PARSER_ERROR[l]}] org.apache.catalina.core.StandardService : Starting service [Tomcat]
[2024-02-18 22:08:36,606] INFO  [29828 - main - {org.apache.juli.logging.DirectJDKLog => log, %PARSER_ERROR[l]}] org.apache.catalina.core.StandardEngine : Starting Servlet engine: [Apache Tomcat/10.1.17]
[2024-02-18 22:08:36,700] INFO  [29828 - main - {org.apache.juli.logging.DirectJDKLog => log, %PARSER_ERROR[l]}] org.apache.catalina.core.ContainerBase.[Tomcat].[localhost].[/] : Initializing Spring embedded WebApplicationContext
[2024-02-18 22:08:36,701] INFO  [29828 - main - {org.springframework.boot.web.servlet.context.ServletWebServerApplicationContext => prepareWebApplicationContext, %PARSER_ERROR[l]}] org.springframework.boot.web.servlet.context.ServletWebServerApplicationContext : Root WebApplicationContext: initialization completed in 1663 ms
[2024-02-18 22:08:36,951] INFO  [29828 - main - {org.springframework.boot.autoconfigure.web.servlet.WelcomePageHandlerMapping => <init>, %PARSER_ERROR[l]}] org.springframework.boot.autoconfigure.web.servlet.WelcomePageHandlerMapping : Adding welcome page template: index
[2024-02-18 22:08:37,321] INFO  [29828 - main - {org.springframework.boot.web.embedded.tomcat.TomcatWebServer => start, %PARSER_ERROR[l]}] org.springframework.boot.web.embedded.tomcat.TomcatWebServer : Tomcat started on port 8585 (http) with context path ''
[2024-02-18 22:08:37,336] INFO  [29828 - main - {org.springframework.boot.StartupInfoLogger => logStarted, %PARSER_ERROR[l]}] com.practice.NetworkProjectApplication : Started NetworkProjectApplication in 3.251 seconds (process running for 4.555)
[2024-02-18 22:09:16,555] INFO  [29828 - http-nio-8585-exec-1 - {org.apache.juli.logging.DirectJDKLog => log, %PARSER_ERROR[l]}] org.apache.tomcat.util.http.parser.Cookie : A cookie header was received [whatap_sesion_max_expired_29708=Sun, 18 Feb 2024 16:12:30 GMT] that contained an invalid cookie. That cookie will be ignored.
 Note: further occurrences of this error will be logged at DEBUG level.
[2024-02-18 22:09:16,563] INFO  [29828 - http-nio-8585-exec-1 - {org.apache.juli.logging.DirectJDKLog => log, %PARSER_ERROR[l]}] org.apache.catalina.core.ContainerBase.[Tomcat].[localhost].[/] : Initializing Spring DispatcherServlet 'dispatcherServlet'
[2024-02-18 22:09:16,564] INFO  [29828 - http-nio-8585-exec-1 - {org.springframework.web.servlet.FrameworkServlet => initServletBean, %PARSER_ERROR[l]}] org.springframework.web.servlet.DispatcherServlet : Initializing Servlet 'dispatcherServlet'
[2024-02-18 22:09:16,565] INFO  [29828 - http-nio-8585-exec-1 - {org.springframework.web.servlet.FrameworkServlet => initServletBean, %PARSER_ERROR[l]}] org.springframework.web.servlet.DispatcherServlet : Completed initialization in 1 ms
[2024-02-18 22:11:18,201] WARN  [29828 - SpringApplicationShutdownHook - {org.springframework.beans.factory.annotation.InitDestroyAnnotationBeanPostProcessor => postProcessBeforeDestruction, %PARSER_ERROR[l]}] org.springframework.context.annotation.CommonAnnotationBeanPostProcessor : Destroy method on bean with name 'tusProtocolConfig' threw an exception: org.springframework.beans.factory.BeanCreationNotAllowedException: Error creating bean with name 'tus': Singleton bean creation not allowed while singletons of this factory are in destruction (Do not request a bean from a BeanFactory in a destroy method implementation!)
[2024-02-18 22:11:20,739] INFO  [18716 - main - {org.springframework.boot.StartupInfoLogger => logStarting, %PARSER_ERROR[l]}] com.practice.NetworkProjectApplication : Starting NetworkProjectApplication using Java 21.0.2 with PID 18716 (D:\study\toyproject\network_project\out\production\classes started by apdh1 in D:\study\toyproject\network_project)
[2024-02-18 22:11:20,741] INFO  [18716 - main - {org.springframework.boot.SpringApplication => logStartupProfileInfo, %PARSER_ERROR[l]}] com.practice.NetworkProjectApplication : No active profile set, falling back to 1 default profile: "default"
[2024-02-18 22:11:21,713] INFO  [18716 - main - {org.springframework.boot.web.embedded.tomcat.TomcatWebServer => initialize, %PARSER_ERROR[l]}] org.springframework.boot.web.embedded.tomcat.TomcatWebServer : Tomcat initialized with port 8585 (http)
[2024-02-18 22:11:21,724] INFO  [18716 - main - {org.apache.juli.logging.DirectJDKLog => log, %PARSER_ERROR[l]}] org.apache.catalina.core.StandardService : Starting service [Tomcat]
[2024-02-18 22:11:21,725] INFO  [18716 - main - {org.apache.juli.logging.DirectJDKLog => log, %PARSER_ERROR[l]}] org.apache.catalina.core.StandardEngine : Starting Servlet engine: [Apache Tomcat/10.1.17]
[2024-02-18 22:11:21,790] INFO  [18716 - main - {org.apache.juli.logging.DirectJDKLog => log, %PARSER_ERROR[l]}] org.apache.catalina.core.ContainerBase.[Tomcat].[localhost].[/] : Initializing Spring embedded WebApplicationContext
[2024-02-18 22:11:21,791] INFO  [18716 - main - {org.springframework.boot.web.servlet.context.ServletWebServerApplicationContext => prepareWebApplicationContext, %PARSER_ERROR[l]}] org.springframework.boot.web.servlet.context.ServletWebServerApplicationContext : Root WebApplicationContext: initialization completed in 1007 ms
[2024-02-18 22:11:21,962] INFO  [18716 - main - {org.springframework.boot.autoconfigure.web.servlet.WelcomePageHandlerMapping => <init>, %PARSER_ERROR[l]}] org.springframework.boot.autoconfigure.web.servlet.WelcomePageHandlerMapping : Adding welcome page template: index
[2024-02-18 22:11:22,218] INFO  [18716 - main - {org.springframework.boot.web.embedded.tomcat.TomcatWebServer => start, %PARSER_ERROR[l]}] org.springframework.boot.web.embedded.tomcat.TomcatWebServer : Tomcat started on port 8585 (http) with context path ''
[2024-02-18 22:11:22,230] INFO  [18716 - main - {org.springframework.boot.StartupInfoLogger => logStarted, %PARSER_ERROR[l]}] com.practice.NetworkProjectApplication : Started NetworkProjectApplication in 1.998 seconds (process running for 2.899)
[2024-02-18 22:11:30,396] INFO  [18716 - http-nio-8585-exec-1 - {org.apache.juli.logging.DirectJDKLog => log, %PARSER_ERROR[l]}] org.apache.tomcat.util.http.parser.Cookie : A cookie header was received [whatap_sesion_max_expired_29708=Sun, 18 Feb 2024 16:12:30 GMT] that contained an invalid cookie. That cookie will be ignored.
 Note: further occurrences of this error will be logged at DEBUG level.
[2024-02-18 22:11:30,411] INFO  [18716 - http-nio-8585-exec-1 - {org.apache.juli.logging.DirectJDKLog => log, %PARSER_ERROR[l]}] org.apache.catalina.core.ContainerBase.[Tomcat].[localhost].[/] : Initializing Spring DispatcherServlet 'dispatcherServlet'
[2024-02-18 22:11:30,412] INFO  [18716 - http-nio-8585-exec-1 - {org.springframework.web.servlet.FrameworkServlet => initServletBean, %PARSER_ERROR[l]}] org.springframework.web.servlet.DispatcherServlet : Initializing Servlet 'dispatcherServlet'
[2024-02-18 22:11:30,414] INFO  [18716 - http-nio-8585-exec-1 - {org.springframework.web.servlet.FrameworkServlet => initServletBean, %PARSER_ERROR[l]}] org.springframework.web.servlet.DispatcherServlet : Completed initialization in 2 ms
[2024-02-18 22:11:46,541] WARN  [18716 - SpringApplicationShutdownHook - {org.springframework.beans.factory.annotation.InitDestroyAnnotationBeanPostProcessor => postProcessBeforeDestruction, %PARSER_ERROR[l]}] org.springframework.context.annotation.CommonAnnotationBeanPostProcessor : Destroy method on bean with name 'tusProtocolConfig' threw an exception: org.springframework.beans.factory.BeanCreationNotAllowedException: Error creating bean with name 'tus': Singleton bean creation not allowed while singletons of this factory are in destruction (Do not request a bean from a BeanFactory in a destroy method implementation!)
[2024-02-18 22:11:50,418] INFO  [21380 - main - {org.springframework.boot.StartupInfoLogger => logStarting, %PARSER_ERROR[l]}] com.practice.NetworkProjectApplication : Starting NetworkProjectApplication using Java 21.0.2 with PID 21380 (D:\study\toyproject\network_project\out\production\classes started by apdh1 in D:\study\toyproject\network_project)
[2024-02-18 22:11:50,420] INFO  [21380 - main - {org.springframework.boot.SpringApplication => logStartupProfileInfo, %PARSER_ERROR[l]}] com.practice.NetworkProjectApplication : No active profile set, falling back to 1 default profile: "default"
[2024-02-18 22:11:51,293] INFO  [21380 - main - {org.springframework.boot.web.embedded.tomcat.TomcatWebServer => initialize, %PARSER_ERROR[l]}] org.springframework.boot.web.embedded.tomcat.TomcatWebServer : Tomcat initialized with port 8585 (http)
[2024-02-18 22:11:51,305] INFO  [21380 - main - {org.apache.juli.logging.DirectJDKLog => log, %PARSER_ERROR[l]}] org.apache.catalina.core.StandardService : Starting service [Tomcat]
[2024-02-18 22:11:51,305] INFO  [21380 - main - {org.apache.juli.logging.DirectJDKLog => log, %PARSER_ERROR[l]}] org.apache.catalina.core.StandardEngine : Starting Servlet engine: [Apache Tomcat/10.1.17]
[2024-02-18 22:11:51,370] INFO  [21380 - main - {org.apache.juli.logging.DirectJDKLog => log, %PARSER_ERROR[l]}] org.apache.catalina.core.ContainerBase.[Tomcat].[localhost].[/] : Initializing Spring embedded WebApplicationContext
[2024-02-18 22:11:51,370] INFO  [21380 - main - {org.springframework.boot.web.servlet.context.ServletWebServerApplicationContext => prepareWebApplicationContext, %PARSER_ERROR[l]}] org.springframework.boot.web.servlet.context.ServletWebServerApplicationContext : Root WebApplicationContext: initialization completed in 909 ms
[2024-02-18 22:11:51,514] INFO  [21380 - main - {org.springframework.boot.autoconfigure.web.servlet.WelcomePageHandlerMapping => <init>, %PARSER_ERROR[l]}] org.springframework.boot.autoconfigure.web.servlet.WelcomePageHandlerMapping : Adding welcome page template: index
[2024-02-18 22:11:51,783] INFO  [21380 - main - {org.springframework.boot.web.embedded.tomcat.TomcatWebServer => start, %PARSER_ERROR[l]}] org.springframework.boot.web.embedded.tomcat.TomcatWebServer : Tomcat started on port 8585 (http) with context path ''
[2024-02-18 22:11:51,793] INFO  [21380 - main - {org.springframework.boot.StartupInfoLogger => logStarted, %PARSER_ERROR[l]}] com.practice.NetworkProjectApplication : Started NetworkProjectApplication in 1.809 seconds (process running for 2.54)
[2024-02-18 22:12:52,424] INFO  [21380 - http-nio-8585-exec-1 - {org.apache.juli.logging.DirectJDKLog => log, %PARSER_ERROR[l]}] org.apache.tomcat.util.http.parser.Cookie : A cookie header was received [whatap_sesion_max_expired_29708=Sun, 18 Feb 2024 17:12:21 GMT;] that contained an invalid cookie. That cookie will be ignored.
 Note: further occurrences of this error will be logged at DEBUG level.
[2024-02-18 22:12:52,431] INFO  [21380 - http-nio-8585-exec-1 - {org.apache.juli.logging.DirectJDKLog => log, %PARSER_ERROR[l]}] org.apache.catalina.core.ContainerBase.[Tomcat].[localhost].[/] : Initializing Spring DispatcherServlet 'dispatcherServlet'
[2024-02-18 22:12:52,431] INFO  [21380 - http-nio-8585-exec-1 - {org.springframework.web.servlet.FrameworkServlet => initServletBean, %PARSER_ERROR[l]}] org.springframework.web.servlet.DispatcherServlet : Initializing Servlet 'dispatcherServlet'
[2024-02-18 22:12:52,433] INFO  [21380 - http-nio-8585-exec-1 - {org.springframework.web.servlet.FrameworkServlet => initServletBean, %PARSER_ERROR[l]}] org.springframework.web.servlet.DispatcherServlet : Completed initialization in 1 ms
[2024-02-18 22:15:31,304] WARN  [21380 - SpringApplicationShutdownHook - {org.springframework.beans.factory.annotation.InitDestroyAnnotationBeanPostProcessor => postProcessBeforeDestruction, %PARSER_ERROR[l]}] org.springframework.context.annotation.CommonAnnotationBeanPostProcessor : Destroy method on bean with name 'tusProtocolConfig' threw an exception: org.springframework.beans.factory.BeanCreationNotAllowedException: Error creating bean with name 'tus': Singleton bean creation not allowed while singletons of this factory are in destruction (Do not request a bean from a BeanFactory in a destroy method implementation!)
[2024-02-18 22:15:35,094] INFO  [18096 - main - {org.springframework.boot.StartupInfoLogger => logStarting, %PARSER_ERROR[l]}] com.practice.NetworkProjectApplication : Starting NetworkProjectApplication using Java 21.0.2 with PID 18096 (D:\study\toyproject\network_project\out\production\classes started by apdh1 in D:\study\toyproject\network_project)
[2024-02-18 22:15:35,097] INFO  [18096 - main - {org.springframework.boot.SpringApplication => logStartupProfileInfo, %PARSER_ERROR[l]}] com.practice.NetworkProjectApplication : No active profile set, falling back to 1 default profile: "default"
[2024-02-18 22:15:35,952] INFO  [18096 - main - {org.springframework.boot.web.embedded.tomcat.TomcatWebServer => initialize, %PARSER_ERROR[l]}] org.springframework.boot.web.embedded.tomcat.TomcatWebServer : Tomcat initialized with port 8585 (http)
[2024-02-18 22:15:35,963] INFO  [18096 - main - {org.apache.juli.logging.DirectJDKLog => log, %PARSER_ERROR[l]}] org.apache.catalina.core.StandardService : Starting service [Tomcat]
[2024-02-18 22:15:35,965] INFO  [18096 - main - {org.apache.juli.logging.DirectJDKLog => log, %PARSER_ERROR[l]}] org.apache.catalina.core.StandardEngine : Starting Servlet engine: [Apache Tomcat/10.1.17]
[2024-02-18 22:15:36,022] INFO  [18096 - main - {org.apache.juli.logging.DirectJDKLog => log, %PARSER_ERROR[l]}] org.apache.catalina.core.ContainerBase.[Tomcat].[localhost].[/] : Initializing Spring embedded WebApplicationContext
[2024-02-18 22:15:36,023] INFO  [18096 - main - {org.springframework.boot.web.servlet.context.ServletWebServerApplicationContext => prepareWebApplicationContext, %PARSER_ERROR[l]}] org.springframework.boot.web.servlet.context.ServletWebServerApplicationContext : Root WebApplicationContext: initialization completed in 867 ms
[2024-02-18 22:15:36,172] INFO  [18096 - main - {org.springframework.boot.autoconfigure.web.servlet.WelcomePageHandlerMapping => <init>, %PARSER_ERROR[l]}] org.springframework.boot.autoconfigure.web.servlet.WelcomePageHandlerMapping : Adding welcome page template: index
[2024-02-18 22:15:36,452] INFO  [18096 - main - {org.springframework.boot.web.embedded.tomcat.TomcatWebServer => start, %PARSER_ERROR[l]}] org.springframework.boot.web.embedded.tomcat.TomcatWebServer : Tomcat started on port 8585 (http) with context path ''
[2024-02-18 22:15:36,461] INFO  [18096 - main - {org.springframework.boot.StartupInfoLogger => logStarted, %PARSER_ERROR[l]}] com.practice.NetworkProjectApplication : Started NetworkProjectApplication in 1.844 seconds (process running for 2.546)
[2024-02-18 22:15:43,571] INFO  [18096 - http-nio-8585-exec-5 - {org.apache.juli.logging.DirectJDKLog => log, %PARSER_ERROR[l]}] org.apache.tomcat.util.http.parser.Cookie : A cookie header was received [whatap_sesion_max_expired_29708=Sun, 18 Feb 2024 17:12:21 GMT;] that contained an invalid cookie. That cookie will be ignored.
 Note: further occurrences of this error will be logged at DEBUG level.
[2024-02-18 22:15:43,589] INFO  [18096 - http-nio-8585-exec-5 - {org.apache.juli.logging.DirectJDKLog => log, %PARSER_ERROR[l]}] org.apache.catalina.core.ContainerBase.[Tomcat].[localhost].[/] : Initializing Spring DispatcherServlet 'dispatcherServlet'
[2024-02-18 22:15:43,589] INFO  [18096 - http-nio-8585-exec-5 - {org.springframework.web.servlet.FrameworkServlet => initServletBean, %PARSER_ERROR[l]}] org.springframework.web.servlet.DispatcherServlet : Initializing Servlet 'dispatcherServlet'
[2024-02-18 22:15:43,592] INFO  [18096 - http-nio-8585-exec-5 - {org.springframework.web.servlet.FrameworkServlet => initServletBean, %PARSER_ERROR[l]}] org.springframework.web.servlet.DispatcherServlet : Completed initialization in 3 ms
[2024-02-18 22:21:57,247] WARN  [18096 - SpringApplicationShutdownHook - {org.springframework.beans.factory.annotation.InitDestroyAnnotationBeanPostProcessor => postProcessBeforeDestruction, %PARSER_ERROR[l]}] org.springframework.context.annotation.CommonAnnotationBeanPostProcessor : Destroy method on bean with name 'tusProtocolConfig' threw an exception: org.springframework.beans.factory.BeanCreationNotAllowedException: Error creating bean with name 'tus': Singleton bean creation not allowed while singletons of this factory are in destruction (Do not request a bean from a BeanFactory in a destroy method implementation!)
