[2024-01-14 01:44:20,265] INFO  [36408 - main - {org.springframework.boot.StartupInfoLogger => logStarting, %PARSER_ERROR[l]}] com.practice.NetworkProjectApplication : Starting NetworkProjectApplication using Java 18 with PID 36408 (D:\study\toyproject\network_project\build\classes\java\main started by apdh1 in D:\study\toyproject\network_project)
[2024-01-14 01:44:20,267] INFO  [36408 - main - {org.springframework.boot.SpringApplication => logStartupProfileInfo, %PARSER_ERROR[l]}] com.practice.NetworkProjectApplication : No active profile set, falling back to 1 default profile: "default"
[2024-01-14 01:44:21,232] INFO  [36408 - main - {org.springframework.data.repository.config.RepositoryConfigurationDelegate => registerRepositoriesIn, %PARSER_ERROR[l]}] org.springframework.data.repository.config.RepositoryConfigurationDelegate : Bootstrapping Spring Data JPA repositories in DEFAULT mode.
[2024-01-14 01:44:21,255] INFO  [36408 - main - {org.springframework.data.repository.config.RepositoryConfigurationDelegate => registerRepositoriesIn, %PARSER_ERROR[l]}] org.springframework.data.repository.config.RepositoryConfigurationDelegate : Finished Spring Data repository scanning in 13 ms. Found 0 JPA repository interfaces.
[2024-01-14 01:44:21,853] INFO  [36408 - main - {org.springframework.boot.web.embedded.tomcat.TomcatWebServer => initialize, %PARSER_ERROR[l]}] org.springframework.boot.web.embedded.tomcat.TomcatWebServer : Tomcat initialized with port 8585 (http)
[2024-01-14 01:44:21,864] INFO  [36408 - main - {org.apache.juli.logging.DirectJDKLog => log, %PARSER_ERROR[l]}] org.apache.catalina.core.StandardService : Starting service [Tomcat]
[2024-01-14 01:44:21,864] INFO  [36408 - main - {org.apache.juli.logging.DirectJDKLog => log, %PARSER_ERROR[l]}] org.apache.catalina.core.StandardEngine : Starting Servlet engine: [Apache Tomcat/10.1.17]
[2024-01-14 01:44:21,931] INFO  [36408 - main - {org.apache.juli.logging.DirectJDKLog => log, %PARSER_ERROR[l]}] org.apache.catalina.core.ContainerBase.[Tomcat].[localhost].[/] : Initializing Spring embedded WebApplicationContext
[2024-01-14 01:44:21,931] INFO  [36408 - main - {org.springframework.boot.web.servlet.context.ServletWebServerApplicationContext => prepareWebApplicationContext, %PARSER_ERROR[l]}] org.springframework.boot.web.servlet.context.ServletWebServerApplicationContext : Root WebApplicationContext: initialization completed in 1617 ms
[2024-01-14 01:44:21,988] WARN  [36408 - main - {org.springframework.context.support.AbstractApplicationContext => refresh, %PARSER_ERROR[l]}] org.springframework.boot.web.servlet.context.AnnotationConfigServletWebServerApplicationContext : Exception encountered during context initialization - cancelling refresh attempt: org.springframework.beans.factory.UnsatisfiedDependencyException: Error creating bean with name 'dataSourceScriptDatabaseInitializer' defined in class path resource [org/springframework/boot/autoconfigure/sql/init/DataSourceInitializationConfiguration.class]: Unsatisfied dependency expressed through method 'dataSourceScriptDatabaseInitializer' parameter 0: Error creating bean with name 'dataSource' defined in class path resource [org/springframework/boot/autoconfigure/jdbc/DataSourceConfiguration$Hikari.class]: Failed to instantiate [com.zaxxer.hikari.HikariDataSource]: Factory method 'dataSource' threw exception with message: Failed to determine a suitable driver class
[2024-01-14 01:44:21,991] INFO  [36408 - main - {org.apache.juli.logging.DirectJDKLog => log, %PARSER_ERROR[l]}] org.apache.catalina.core.StandardService : Stopping service [Tomcat]
[2024-01-14 01:44:22,098] INFO  [36408 - main - {org.springframework.boot.autoconfigure.logging.ConditionEvaluationReportLogger => logMessage, %PARSER_ERROR[l]}] org.springframework.boot.autoconfigure.logging.ConditionEvaluationReportLogger : 

Error starting ApplicationContext. To display the condition evaluation report re-run your application with 'debug' enabled.
[2024-01-14 01:44:22,117] ERROR [36408 - main - {org.springframework.boot.diagnostics.LoggingFailureAnalysisReporter => report, %PARSER_ERROR[l]}] org.springframework.boot.diagnostics.LoggingFailureAnalysisReporter : 

***************************
APPLICATION FAILED TO START
***************************

Description:

Failed to configure a DataSource: 'url' attribute is not specified and no embedded datasource could be configured.

Reason: Failed to determine a suitable driver class


Action:

Consider the following:
	If you want an embedded database (H2, HSQL or Derby), please put it on the classpath.
	If you have database settings to be loaded from a particular profile you may need to activate it (no profiles are currently active).

[2024-01-14 01:45:23,578] INFO  [40172 - main - {org.springframework.boot.StartupInfoLogger => logStarting, %PARSER_ERROR[l]}] com.practice.NetworkProjectApplication : Starting NetworkProjectApplication using Java 18 with PID 40172 (D:\study\toyproject\network_project\build\classes\java\main started by apdh1 in D:\study\toyproject\network_project)
[2024-01-14 01:45:23,582] INFO  [40172 - main - {org.springframework.boot.SpringApplication => logStartupProfileInfo, %PARSER_ERROR[l]}] com.practice.NetworkProjectApplication : No active profile set, falling back to 1 default profile: "default"
[2024-01-14 01:45:24,425] INFO  [40172 - main - {org.springframework.boot.web.embedded.tomcat.TomcatWebServer => initialize, %PARSER_ERROR[l]}] org.springframework.boot.web.embedded.tomcat.TomcatWebServer : Tomcat initialized with port 8585 (http)
[2024-01-14 01:45:24,439] INFO  [40172 - main - {org.apache.juli.logging.DirectJDKLog => log, %PARSER_ERROR[l]}] org.apache.catalina.core.StandardService : Starting service [Tomcat]
[2024-01-14 01:45:24,439] INFO  [40172 - main - {org.apache.juli.logging.DirectJDKLog => log, %PARSER_ERROR[l]}] org.apache.catalina.core.StandardEngine : Starting Servlet engine: [Apache Tomcat/10.1.17]
[2024-01-14 01:45:24,502] INFO  [40172 - main - {org.apache.juli.logging.DirectJDKLog => log, %PARSER_ERROR[l]}] org.apache.catalina.core.ContainerBase.[Tomcat].[localhost].[/] : Initializing Spring embedded WebApplicationContext
[2024-01-14 01:45:24,502] INFO  [40172 - main - {org.springframework.boot.web.servlet.context.ServletWebServerApplicationContext => prepareWebApplicationContext, %PARSER_ERROR[l]}] org.springframework.boot.web.servlet.context.ServletWebServerApplicationContext : Root WebApplicationContext: initialization completed in 876 ms
[2024-01-14 01:45:24,669] INFO  [40172 - main - {org.springframework.boot.autoconfigure.web.servlet.WelcomePageHandlerMapping => <init>, %PARSER_ERROR[l]}] org.springframework.boot.autoconfigure.web.servlet.WelcomePageHandlerMapping : Adding welcome page template: index
[2024-01-14 01:45:24,994] INFO  [40172 - main - {org.springframework.boot.web.embedded.tomcat.TomcatWebServer => start, %PARSER_ERROR[l]}] org.springframework.boot.web.embedded.tomcat.TomcatWebServer : Tomcat started on port 8585 (http) with context path ''
[2024-01-14 01:45:25,004] INFO  [40172 - main - {org.springframework.boot.StartupInfoLogger => logStarted, %PARSER_ERROR[l]}] com.practice.NetworkProjectApplication : Started NetworkProjectApplication in 1.987 seconds (process running for 2.834)
[2024-01-14 01:45:25,008] INFO  [40172 - scheduling-1 - {tus.util.video.com.practice.TusScheduler => tusCleanUp, %PARSER_ERROR[l]}] tus.util.video.com.practice.TusScheduler : tusCleanUp Schedule process
[2024-01-14 01:45:25,009] ERROR [40172 - scheduling-1 - {org.springframework.scheduling.support.TaskUtils$LoggingErrorHandler => handleError, %PARSER_ERROR[l]}] org.springframework.scheduling.support.TaskUtils$LoggingErrorHandler : Unexpected error occurred in scheduled task
java.nio.file.NoSuchFileException: D:\download\tus_upload_folder\locks
	at java.base/sun.nio.fs.WindowsException.translateToIOException(WindowsException.java:85)
	at java.base/sun.nio.fs.WindowsException.rethrowAsIOException(WindowsException.java:103)
	at java.base/sun.nio.fs.WindowsException.rethrowAsIOException(WindowsException.java:108)
	at java.base/sun.nio.fs.WindowsDirectoryStream.<init>(WindowsDirectoryStream.java:86)
	at java.base/sun.nio.fs.WindowsFileSystemProvider.newDirectoryStream(WindowsFileSystemProvider.java:535)
	at java.base/java.nio.file.Files.newDirectoryStream(Files.java:482)
	at me.desair.tus.server.upload.disk.DiskLockingService.cleanupStaleLocks(DiskLockingService.java:59)
	at me.desair.tus.server.upload.cache.ThreadLocalCachedStorageAndLockingService.cleanupStaleLocks(ThreadLocalCachedStorageAndLockingService.java:184)
	at me.desair.tus.server.TusFileUploadService.cleanup(TusFileUploadService.java:409)
	at tus.util.video.com.practice.TusScheduler.tusCleanUp(TusScheduler.java:19)
	at java.base/jdk.internal.reflect.DirectMethodHandleAccessor.invoke(DirectMethodHandleAccessor.java:104)
	at java.base/java.lang.reflect.Method.invoke(Method.java:577)
	at org.springframework.scheduling.support.ScheduledMethodRunnable.runInternal(ScheduledMethodRunnable.java:130)
	at org.springframework.scheduling.support.ScheduledMethodRunnable.lambda$run$2(ScheduledMethodRunnable.java:124)
	at io.micrometer.observation.Observation.observe(Observation.java:499)
	at org.springframework.scheduling.support.ScheduledMethodRunnable.run(ScheduledMethodRunnable.java:124)
	at org.springframework.scheduling.support.DelegatingErrorHandlingRunnable.run(DelegatingErrorHandlingRunnable.java:54)
	at java.base/java.util.concurrent.Executors$RunnableAdapter.call(Executors.java:539)
	at java.base/java.util.concurrent.FutureTask.runAndReset$$$capture(FutureTask.java:305)
	at java.base/java.util.concurrent.FutureTask.runAndReset(FutureTask.java)
	at java.base/java.util.concurrent.ScheduledThreadPoolExecutor$ScheduledFutureTask.run(ScheduledThreadPoolExecutor.java:305)
	at java.base/java.util.concurrent.ThreadPoolExecutor.runWorker(ThreadPoolExecutor.java:1136)
	at java.base/java.util.concurrent.ThreadPoolExecutor$Worker.run(ThreadPoolExecutor.java:635)
	at java.base/java.lang.Thread.run(Thread.java:833)
[2024-01-14 01:45:35,014] INFO  [40172 - scheduling-1 - {tus.util.video.com.practice.TusScheduler => tusCleanUp, %PARSER_ERROR[l]}] tus.util.video.com.practice.TusScheduler : tusCleanUp Schedule process
[2024-01-14 01:45:35,014] ERROR [40172 - scheduling-1 - {org.springframework.scheduling.support.TaskUtils$LoggingErrorHandler => handleError, %PARSER_ERROR[l]}] org.springframework.scheduling.support.TaskUtils$LoggingErrorHandler : Unexpected error occurred in scheduled task
java.nio.file.NoSuchFileException: D:\download\tus_upload_folder\locks
	at java.base/sun.nio.fs.WindowsException.translateToIOException(WindowsException.java:85)
	at java.base/sun.nio.fs.WindowsException.rethrowAsIOException(WindowsException.java:103)
	at java.base/sun.nio.fs.WindowsException.rethrowAsIOException(WindowsException.java:108)
	at java.base/sun.nio.fs.WindowsDirectoryStream.<init>(WindowsDirectoryStream.java:86)
	at java.base/sun.nio.fs.WindowsFileSystemProvider.newDirectoryStream(WindowsFileSystemProvider.java:535)
	at java.base/java.nio.file.Files.newDirectoryStream(Files.java:482)
	at me.desair.tus.server.upload.disk.DiskLockingService.cleanupStaleLocks(DiskLockingService.java:59)
	at me.desair.tus.server.upload.cache.ThreadLocalCachedStorageAndLockingService.cleanupStaleLocks(ThreadLocalCachedStorageAndLockingService.java:184)
	at me.desair.tus.server.TusFileUploadService.cleanup(TusFileUploadService.java:409)
	at tus.util.video.com.practice.TusScheduler.tusCleanUp(TusScheduler.java:19)
	at java.base/jdk.internal.reflect.DirectMethodHandleAccessor.invoke(DirectMethodHandleAccessor.java:104)
	at java.base/java.lang.reflect.Method.invoke(Method.java:577)
	at org.springframework.scheduling.support.ScheduledMethodRunnable.runInternal(ScheduledMethodRunnable.java:130)
	at org.springframework.scheduling.support.ScheduledMethodRunnable.lambda$run$2(ScheduledMethodRunnable.java:124)
	at io.micrometer.observation.Observation.observe(Observation.java:499)
	at org.springframework.scheduling.support.ScheduledMethodRunnable.run(ScheduledMethodRunnable.java:124)
	at org.springframework.scheduling.support.DelegatingErrorHandlingRunnable.run(DelegatingErrorHandlingRunnable.java:54)
	at java.base/java.util.concurrent.Executors$RunnableAdapter.call(Executors.java:539)
	at java.base/java.util.concurrent.FutureTask.runAndReset$$$capture(FutureTask.java:305)
	at java.base/java.util.concurrent.FutureTask.runAndReset(FutureTask.java)
	at java.base/java.util.concurrent.ScheduledThreadPoolExecutor$ScheduledFutureTask.run(ScheduledThreadPoolExecutor.java:305)
	at java.base/java.util.concurrent.ThreadPoolExecutor.runWorker(ThreadPoolExecutor.java:1136)
	at java.base/java.util.concurrent.ThreadPoolExecutor$Worker.run(ThreadPoolExecutor.java:635)
	at java.base/java.lang.Thread.run(Thread.java:833)
[2024-01-14 01:45:45,016] INFO  [40172 - scheduling-1 - {tus.util.video.com.practice.TusScheduler => tusCleanUp, %PARSER_ERROR[l]}] tus.util.video.com.practice.TusScheduler : tusCleanUp Schedule process
[2024-01-14 01:45:45,016] ERROR [40172 - scheduling-1 - {org.springframework.scheduling.support.TaskUtils$LoggingErrorHandler => handleError, %PARSER_ERROR[l]}] org.springframework.scheduling.support.TaskUtils$LoggingErrorHandler : Unexpected error occurred in scheduled task
java.nio.file.NoSuchFileException: D:\download\tus_upload_folder\locks
	at java.base/sun.nio.fs.WindowsException.translateToIOException(WindowsException.java:85)
	at java.base/sun.nio.fs.WindowsException.rethrowAsIOException(WindowsException.java:103)
	at java.base/sun.nio.fs.WindowsException.rethrowAsIOException(WindowsException.java:108)
	at java.base/sun.nio.fs.WindowsDirectoryStream.<init>(WindowsDirectoryStream.java:86)
	at java.base/sun.nio.fs.WindowsFileSystemProvider.newDirectoryStream(WindowsFileSystemProvider.java:535)
	at java.base/java.nio.file.Files.newDirectoryStream(Files.java:482)
	at me.desair.tus.server.upload.disk.DiskLockingService.cleanupStaleLocks(DiskLockingService.java:59)
	at me.desair.tus.server.upload.cache.ThreadLocalCachedStorageAndLockingService.cleanupStaleLocks(ThreadLocalCachedStorageAndLockingService.java:184)
	at me.desair.tus.server.TusFileUploadService.cleanup(TusFileUploadService.java:409)
	at tus.util.video.com.practice.TusScheduler.tusCleanUp(TusScheduler.java:19)
	at java.base/jdk.internal.reflect.DirectMethodHandleAccessor.invoke(DirectMethodHandleAccessor.java:104)
	at java.base/java.lang.reflect.Method.invoke(Method.java:577)
	at org.springframework.scheduling.support.ScheduledMethodRunnable.runInternal(ScheduledMethodRunnable.java:130)
	at org.springframework.scheduling.support.ScheduledMethodRunnable.lambda$run$2(ScheduledMethodRunnable.java:124)
	at io.micrometer.observation.Observation.observe(Observation.java:499)
	at org.springframework.scheduling.support.ScheduledMethodRunnable.run(ScheduledMethodRunnable.java:124)
	at org.springframework.scheduling.support.DelegatingErrorHandlingRunnable.run(DelegatingErrorHandlingRunnable.java:54)
	at java.base/java.util.concurrent.Executors$RunnableAdapter.call(Executors.java:539)
	at java.base/java.util.concurrent.FutureTask.runAndReset$$$capture(FutureTask.java:305)
	at java.base/java.util.concurrent.FutureTask.runAndReset(FutureTask.java)
	at java.base/java.util.concurrent.ScheduledThreadPoolExecutor$ScheduledFutureTask.run(ScheduledThreadPoolExecutor.java:305)
	at java.base/java.util.concurrent.ThreadPoolExecutor.runWorker(ThreadPoolExecutor.java:1136)
	at java.base/java.util.concurrent.ThreadPoolExecutor$Worker.run(ThreadPoolExecutor.java:635)
	at java.base/java.lang.Thread.run(Thread.java:833)
[2024-01-14 01:45:55,018] INFO  [40172 - scheduling-1 - {tus.util.video.com.practice.TusScheduler => tusCleanUp, %PARSER_ERROR[l]}] tus.util.video.com.practice.TusScheduler : tusCleanUp Schedule process
[2024-01-14 01:45:55,018] ERROR [40172 - scheduling-1 - {org.springframework.scheduling.support.TaskUtils$LoggingErrorHandler => handleError, %PARSER_ERROR[l]}] org.springframework.scheduling.support.TaskUtils$LoggingErrorHandler : Unexpected error occurred in scheduled task
java.nio.file.NoSuchFileException: D:\download\tus_upload_folder\locks
	at java.base/sun.nio.fs.WindowsException.translateToIOException(WindowsException.java:85)
	at java.base/sun.nio.fs.WindowsException.rethrowAsIOException(WindowsException.java:103)
	at java.base/sun.nio.fs.WindowsException.rethrowAsIOException(WindowsException.java:108)
	at java.base/sun.nio.fs.WindowsDirectoryStream.<init>(WindowsDirectoryStream.java:86)
	at java.base/sun.nio.fs.WindowsFileSystemProvider.newDirectoryStream(WindowsFileSystemProvider.java:535)
	at java.base/java.nio.file.Files.newDirectoryStream(Files.java:482)
	at me.desair.tus.server.upload.disk.DiskLockingService.cleanupStaleLocks(DiskLockingService.java:59)
	at me.desair.tus.server.upload.cache.ThreadLocalCachedStorageAndLockingService.cleanupStaleLocks(ThreadLocalCachedStorageAndLockingService.java:184)
	at me.desair.tus.server.TusFileUploadService.cleanup(TusFileUploadService.java:409)
	at tus.util.video.com.practice.TusScheduler.tusCleanUp(TusScheduler.java:19)
	at java.base/jdk.internal.reflect.DirectMethodHandleAccessor.invoke(DirectMethodHandleAccessor.java:104)
	at java.base/java.lang.reflect.Method.invoke(Method.java:577)
	at org.springframework.scheduling.support.ScheduledMethodRunnable.runInternal(ScheduledMethodRunnable.java:130)
	at org.springframework.scheduling.support.ScheduledMethodRunnable.lambda$run$2(ScheduledMethodRunnable.java:124)
	at io.micrometer.observation.Observation.observe(Observation.java:499)
	at org.springframework.scheduling.support.ScheduledMethodRunnable.run(ScheduledMethodRunnable.java:124)
	at org.springframework.scheduling.support.DelegatingErrorHandlingRunnable.run(DelegatingErrorHandlingRunnable.java:54)
	at java.base/java.util.concurrent.Executors$RunnableAdapter.call(Executors.java:539)
	at java.base/java.util.concurrent.FutureTask.runAndReset$$$capture(FutureTask.java:305)
	at java.base/java.util.concurrent.FutureTask.runAndReset(FutureTask.java)
	at java.base/java.util.concurrent.ScheduledThreadPoolExecutor$ScheduledFutureTask.run(ScheduledThreadPoolExecutor.java:305)
	at java.base/java.util.concurrent.ThreadPoolExecutor.runWorker(ThreadPoolExecutor.java:1136)
	at java.base/java.util.concurrent.ThreadPoolExecutor$Worker.run(ThreadPoolExecutor.java:635)
	at java.base/java.lang.Thread.run(Thread.java:833)
[2024-01-14 01:46:05,020] INFO  [40172 - scheduling-1 - {tus.util.video.com.practice.TusScheduler => tusCleanUp, %PARSER_ERROR[l]}] tus.util.video.com.practice.TusScheduler : tusCleanUp Schedule process
[2024-01-14 01:46:05,020] ERROR [40172 - scheduling-1 - {org.springframework.scheduling.support.TaskUtils$LoggingErrorHandler => handleError, %PARSER_ERROR[l]}] org.springframework.scheduling.support.TaskUtils$LoggingErrorHandler : Unexpected error occurred in scheduled task
java.nio.file.NoSuchFileException: D:\download\tus_upload_folder\locks
	at java.base/sun.nio.fs.WindowsException.translateToIOException(WindowsException.java:85)
	at java.base/sun.nio.fs.WindowsException.rethrowAsIOException(WindowsException.java:103)
	at java.base/sun.nio.fs.WindowsException.rethrowAsIOException(WindowsException.java:108)
	at java.base/sun.nio.fs.WindowsDirectoryStream.<init>(WindowsDirectoryStream.java:86)
	at java.base/sun.nio.fs.WindowsFileSystemProvider.newDirectoryStream(WindowsFileSystemProvider.java:535)
	at java.base/java.nio.file.Files.newDirectoryStream(Files.java:482)
	at me.desair.tus.server.upload.disk.DiskLockingService.cleanupStaleLocks(DiskLockingService.java:59)
	at me.desair.tus.server.upload.cache.ThreadLocalCachedStorageAndLockingService.cleanupStaleLocks(ThreadLocalCachedStorageAndLockingService.java:184)
	at me.desair.tus.server.TusFileUploadService.cleanup(TusFileUploadService.java:409)
	at tus.util.video.com.practice.TusScheduler.tusCleanUp(TusScheduler.java:19)
	at java.base/jdk.internal.reflect.DirectMethodHandleAccessor.invoke(DirectMethodHandleAccessor.java:104)
	at java.base/java.lang.reflect.Method.invoke(Method.java:577)
	at org.springframework.scheduling.support.ScheduledMethodRunnable.runInternal(ScheduledMethodRunnable.java:130)
	at org.springframework.scheduling.support.ScheduledMethodRunnable.lambda$run$2(ScheduledMethodRunnable.java:124)
	at io.micrometer.observation.Observation.observe(Observation.java:499)
	at org.springframework.scheduling.support.ScheduledMethodRunnable.run(ScheduledMethodRunnable.java:124)
	at org.springframework.scheduling.support.DelegatingErrorHandlingRunnable.run(DelegatingErrorHandlingRunnable.java:54)
	at java.base/java.util.concurrent.Executors$RunnableAdapter.call(Executors.java:539)
	at java.base/java.util.concurrent.FutureTask.runAndReset$$$capture(FutureTask.java:305)
	at java.base/java.util.concurrent.FutureTask.runAndReset(FutureTask.java)
	at java.base/java.util.concurrent.ScheduledThreadPoolExecutor$ScheduledFutureTask.run(ScheduledThreadPoolExecutor.java:305)
	at java.base/java.util.concurrent.ThreadPoolExecutor.runWorker(ThreadPoolExecutor.java:1136)
	at java.base/java.util.concurrent.ThreadPoolExecutor$Worker.run(ThreadPoolExecutor.java:635)
	at java.base/java.lang.Thread.run(Thread.java:833)
[2024-01-14 01:46:15,023] INFO  [40172 - scheduling-1 - {tus.util.video.com.practice.TusScheduler => tusCleanUp, %PARSER_ERROR[l]}] tus.util.video.com.practice.TusScheduler : tusCleanUp Schedule process
[2024-01-14 01:46:15,023] ERROR [40172 - scheduling-1 - {org.springframework.scheduling.support.TaskUtils$LoggingErrorHandler => handleError, %PARSER_ERROR[l]}] org.springframework.scheduling.support.TaskUtils$LoggingErrorHandler : Unexpected error occurred in scheduled task
java.nio.file.NoSuchFileException: D:\download\tus_upload_folder\locks
	at java.base/sun.nio.fs.WindowsException.translateToIOException(WindowsException.java:85)
	at java.base/sun.nio.fs.WindowsException.rethrowAsIOException(WindowsException.java:103)
	at java.base/sun.nio.fs.WindowsException.rethrowAsIOException(WindowsException.java:108)
	at java.base/sun.nio.fs.WindowsDirectoryStream.<init>(WindowsDirectoryStream.java:86)
	at java.base/sun.nio.fs.WindowsFileSystemProvider.newDirectoryStream(WindowsFileSystemProvider.java:535)
	at java.base/java.nio.file.Files.newDirectoryStream(Files.java:482)
	at me.desair.tus.server.upload.disk.DiskLockingService.cleanupStaleLocks(DiskLockingService.java:59)
	at me.desair.tus.server.upload.cache.ThreadLocalCachedStorageAndLockingService.cleanupStaleLocks(ThreadLocalCachedStorageAndLockingService.java:184)
	at me.desair.tus.server.TusFileUploadService.cleanup(TusFileUploadService.java:409)
	at tus.util.video.com.practice.TusScheduler.tusCleanUp(TusScheduler.java:19)
	at java.base/jdk.internal.reflect.DirectMethodHandleAccessor.invoke(DirectMethodHandleAccessor.java:104)
	at java.base/java.lang.reflect.Method.invoke(Method.java:577)
	at org.springframework.scheduling.support.ScheduledMethodRunnable.runInternal(ScheduledMethodRunnable.java:130)
	at org.springframework.scheduling.support.ScheduledMethodRunnable.lambda$run$2(ScheduledMethodRunnable.java:124)
	at io.micrometer.observation.Observation.observe(Observation.java:499)
	at org.springframework.scheduling.support.ScheduledMethodRunnable.run(ScheduledMethodRunnable.java:124)
	at org.springframework.scheduling.support.DelegatingErrorHandlingRunnable.run(DelegatingErrorHandlingRunnable.java:54)
	at java.base/java.util.concurrent.Executors$RunnableAdapter.call(Executors.java:539)
	at java.base/java.util.concurrent.FutureTask.runAndReset$$$capture(FutureTask.java:305)
	at java.base/java.util.concurrent.FutureTask.runAndReset(FutureTask.java)
	at java.base/java.util.concurrent.ScheduledThreadPoolExecutor$ScheduledFutureTask.run(ScheduledThreadPoolExecutor.java:305)
	at java.base/java.util.concurrent.ThreadPoolExecutor.runWorker(ThreadPoolExecutor.java:1136)
	at java.base/java.util.concurrent.ThreadPoolExecutor$Worker.run(ThreadPoolExecutor.java:635)
	at java.base/java.lang.Thread.run(Thread.java:833)
[2024-01-14 01:46:25,025] INFO  [40172 - scheduling-1 - {tus.util.video.com.practice.TusScheduler => tusCleanUp, %PARSER_ERROR[l]}] tus.util.video.com.practice.TusScheduler : tusCleanUp Schedule process
[2024-01-14 01:46:25,025] ERROR [40172 - scheduling-1 - {org.springframework.scheduling.support.TaskUtils$LoggingErrorHandler => handleError, %PARSER_ERROR[l]}] org.springframework.scheduling.support.TaskUtils$LoggingErrorHandler : Unexpected error occurred in scheduled task
java.nio.file.NoSuchFileException: D:\download\tus_upload_folder\locks
	at java.base/sun.nio.fs.WindowsException.translateToIOException(WindowsException.java:85)
	at java.base/sun.nio.fs.WindowsException.rethrowAsIOException(WindowsException.java:103)
	at java.base/sun.nio.fs.WindowsException.rethrowAsIOException(WindowsException.java:108)
	at java.base/sun.nio.fs.WindowsDirectoryStream.<init>(WindowsDirectoryStream.java:86)
	at java.base/sun.nio.fs.WindowsFileSystemProvider.newDirectoryStream(WindowsFileSystemProvider.java:535)
	at java.base/java.nio.file.Files.newDirectoryStream(Files.java:482)
	at me.desair.tus.server.upload.disk.DiskLockingService.cleanupStaleLocks(DiskLockingService.java:59)
	at me.desair.tus.server.upload.cache.ThreadLocalCachedStorageAndLockingService.cleanupStaleLocks(ThreadLocalCachedStorageAndLockingService.java:184)
	at me.desair.tus.server.TusFileUploadService.cleanup(TusFileUploadService.java:409)
	at tus.util.video.com.practice.TusScheduler.tusCleanUp(TusScheduler.java:19)
	at java.base/jdk.internal.reflect.DirectMethodHandleAccessor.invoke(DirectMethodHandleAccessor.java:104)
	at java.base/java.lang.reflect.Method.invoke(Method.java:577)
	at org.springframework.scheduling.support.ScheduledMethodRunnable.runInternal(ScheduledMethodRunnable.java:130)
	at org.springframework.scheduling.support.ScheduledMethodRunnable.lambda$run$2(ScheduledMethodRunnable.java:124)
	at io.micrometer.observation.Observation.observe(Observation.java:499)
	at org.springframework.scheduling.support.ScheduledMethodRunnable.run(ScheduledMethodRunnable.java:124)
	at org.springframework.scheduling.support.DelegatingErrorHandlingRunnable.run(DelegatingErrorHandlingRunnable.java:54)
	at java.base/java.util.concurrent.Executors$RunnableAdapter.call(Executors.java:539)
	at java.base/java.util.concurrent.FutureTask.runAndReset$$$capture(FutureTask.java:305)
	at java.base/java.util.concurrent.FutureTask.runAndReset(FutureTask.java)
	at java.base/java.util.concurrent.ScheduledThreadPoolExecutor$ScheduledFutureTask.run(ScheduledThreadPoolExecutor.java:305)
	at java.base/java.util.concurrent.ThreadPoolExecutor.runWorker(ThreadPoolExecutor.java:1136)
	at java.base/java.util.concurrent.ThreadPoolExecutor$Worker.run(ThreadPoolExecutor.java:635)
	at java.base/java.lang.Thread.run(Thread.java:833)
[2024-01-14 01:46:35,027] INFO  [40172 - scheduling-1 - {tus.util.video.com.practice.TusScheduler => tusCleanUp, %PARSER_ERROR[l]}] tus.util.video.com.practice.TusScheduler : tusCleanUp Schedule process
[2024-01-14 01:46:35,027] ERROR [40172 - scheduling-1 - {org.springframework.scheduling.support.TaskUtils$LoggingErrorHandler => handleError, %PARSER_ERROR[l]}] org.springframework.scheduling.support.TaskUtils$LoggingErrorHandler : Unexpected error occurred in scheduled task
java.nio.file.NoSuchFileException: D:\download\tus_upload_folder\locks
	at java.base/sun.nio.fs.WindowsException.translateToIOException(WindowsException.java:85)
	at java.base/sun.nio.fs.WindowsException.rethrowAsIOException(WindowsException.java:103)
	at java.base/sun.nio.fs.WindowsException.rethrowAsIOException(WindowsException.java:108)
	at java.base/sun.nio.fs.WindowsDirectoryStream.<init>(WindowsDirectoryStream.java:86)
	at java.base/sun.nio.fs.WindowsFileSystemProvider.newDirectoryStream(WindowsFileSystemProvider.java:535)
	at java.base/java.nio.file.Files.newDirectoryStream(Files.java:482)
	at me.desair.tus.server.upload.disk.DiskLockingService.cleanupStaleLocks(DiskLockingService.java:59)
	at me.desair.tus.server.upload.cache.ThreadLocalCachedStorageAndLockingService.cleanupStaleLocks(ThreadLocalCachedStorageAndLockingService.java:184)
	at me.desair.tus.server.TusFileUploadService.cleanup(TusFileUploadService.java:409)
	at tus.util.video.com.practice.TusScheduler.tusCleanUp(TusScheduler.java:19)
	at java.base/jdk.internal.reflect.DirectMethodHandleAccessor.invoke(DirectMethodHandleAccessor.java:104)
	at java.base/java.lang.reflect.Method.invoke(Method.java:577)
	at org.springframework.scheduling.support.ScheduledMethodRunnable.runInternal(ScheduledMethodRunnable.java:130)
	at org.springframework.scheduling.support.ScheduledMethodRunnable.lambda$run$2(ScheduledMethodRunnable.java:124)
	at io.micrometer.observation.Observation.observe(Observation.java:499)
	at org.springframework.scheduling.support.ScheduledMethodRunnable.run(ScheduledMethodRunnable.java:124)
	at org.springframework.scheduling.support.DelegatingErrorHandlingRunnable.run(DelegatingErrorHandlingRunnable.java:54)
	at java.base/java.util.concurrent.Executors$RunnableAdapter.call(Executors.java:539)
	at java.base/java.util.concurrent.FutureTask.runAndReset$$$capture(FutureTask.java:305)
	at java.base/java.util.concurrent.FutureTask.runAndReset(FutureTask.java)
	at java.base/java.util.concurrent.ScheduledThreadPoolExecutor$ScheduledFutureTask.run(ScheduledThreadPoolExecutor.java:305)
	at java.base/java.util.concurrent.ThreadPoolExecutor.runWorker(ThreadPoolExecutor.java:1136)
	at java.base/java.util.concurrent.ThreadPoolExecutor$Worker.run(ThreadPoolExecutor.java:635)
	at java.base/java.lang.Thread.run(Thread.java:833)
[2024-01-14 01:46:45,030] INFO  [40172 - scheduling-1 - {tus.util.video.com.practice.TusScheduler => tusCleanUp, %PARSER_ERROR[l]}] tus.util.video.com.practice.TusScheduler : tusCleanUp Schedule process
[2024-01-14 01:46:45,030] ERROR [40172 - scheduling-1 - {org.springframework.scheduling.support.TaskUtils$LoggingErrorHandler => handleError, %PARSER_ERROR[l]}] org.springframework.scheduling.support.TaskUtils$LoggingErrorHandler : Unexpected error occurred in scheduled task
java.nio.file.NoSuchFileException: D:\download\tus_upload_folder\locks
	at java.base/sun.nio.fs.WindowsException.translateToIOException(WindowsException.java:85)
	at java.base/sun.nio.fs.WindowsException.rethrowAsIOException(WindowsException.java:103)
	at java.base/sun.nio.fs.WindowsException.rethrowAsIOException(WindowsException.java:108)
	at java.base/sun.nio.fs.WindowsDirectoryStream.<init>(WindowsDirectoryStream.java:86)
	at java.base/sun.nio.fs.WindowsFileSystemProvider.newDirectoryStream(WindowsFileSystemProvider.java:535)
	at java.base/java.nio.file.Files.newDirectoryStream(Files.java:482)
	at me.desair.tus.server.upload.disk.DiskLockingService.cleanupStaleLocks(DiskLockingService.java:59)
	at me.desair.tus.server.upload.cache.ThreadLocalCachedStorageAndLockingService.cleanupStaleLocks(ThreadLocalCachedStorageAndLockingService.java:184)
	at me.desair.tus.server.TusFileUploadService.cleanup(TusFileUploadService.java:409)
	at tus.util.video.com.practice.TusScheduler.tusCleanUp(TusScheduler.java:19)
	at java.base/jdk.internal.reflect.DirectMethodHandleAccessor.invoke(DirectMethodHandleAccessor.java:104)
	at java.base/java.lang.reflect.Method.invoke(Method.java:577)
	at org.springframework.scheduling.support.ScheduledMethodRunnable.runInternal(ScheduledMethodRunnable.java:130)
	at org.springframework.scheduling.support.ScheduledMethodRunnable.lambda$run$2(ScheduledMethodRunnable.java:124)
	at io.micrometer.observation.Observation.observe(Observation.java:499)
	at org.springframework.scheduling.support.ScheduledMethodRunnable.run(ScheduledMethodRunnable.java:124)
	at org.springframework.scheduling.support.DelegatingErrorHandlingRunnable.run(DelegatingErrorHandlingRunnable.java:54)
	at java.base/java.util.concurrent.Executors$RunnableAdapter.call(Executors.java:539)
	at java.base/java.util.concurrent.FutureTask.runAndReset$$$capture(FutureTask.java:305)
	at java.base/java.util.concurrent.FutureTask.runAndReset(FutureTask.java)
	at java.base/java.util.concurrent.ScheduledThreadPoolExecutor$ScheduledFutureTask.run(ScheduledThreadPoolExecutor.java:305)
	at java.base/java.util.concurrent.ThreadPoolExecutor.runWorker(ThreadPoolExecutor.java:1136)
	at java.base/java.util.concurrent.ThreadPoolExecutor$Worker.run(ThreadPoolExecutor.java:635)
	at java.base/java.lang.Thread.run(Thread.java:833)
[2024-01-14 01:46:55,031] INFO  [40172 - scheduling-1 - {tus.util.video.com.practice.TusScheduler => tusCleanUp, %PARSER_ERROR[l]}] tus.util.video.com.practice.TusScheduler : tusCleanUp Schedule process
[2024-01-14 01:46:55,031] ERROR [40172 - scheduling-1 - {org.springframework.scheduling.support.TaskUtils$LoggingErrorHandler => handleError, %PARSER_ERROR[l]}] org.springframework.scheduling.support.TaskUtils$LoggingErrorHandler : Unexpected error occurred in scheduled task
java.nio.file.NoSuchFileException: D:\download\tus_upload_folder\locks
	at java.base/sun.nio.fs.WindowsException.translateToIOException(WindowsException.java:85)
	at java.base/sun.nio.fs.WindowsException.rethrowAsIOException(WindowsException.java:103)
	at java.base/sun.nio.fs.WindowsException.rethrowAsIOException(WindowsException.java:108)
	at java.base/sun.nio.fs.WindowsDirectoryStream.<init>(WindowsDirectoryStream.java:86)
	at java.base/sun.nio.fs.WindowsFileSystemProvider.newDirectoryStream(WindowsFileSystemProvider.java:535)
	at java.base/java.nio.file.Files.newDirectoryStream(Files.java:482)
	at me.desair.tus.server.upload.disk.DiskLockingService.cleanupStaleLocks(DiskLockingService.java:59)
	at me.desair.tus.server.upload.cache.ThreadLocalCachedStorageAndLockingService.cleanupStaleLocks(ThreadLocalCachedStorageAndLockingService.java:184)
	at me.desair.tus.server.TusFileUploadService.cleanup(TusFileUploadService.java:409)
	at tus.util.video.com.practice.TusScheduler.tusCleanUp(TusScheduler.java:19)
	at java.base/jdk.internal.reflect.DirectMethodHandleAccessor.invoke(DirectMethodHandleAccessor.java:104)
	at java.base/java.lang.reflect.Method.invoke(Method.java:577)
	at org.springframework.scheduling.support.ScheduledMethodRunnable.runInternal(ScheduledMethodRunnable.java:130)
	at org.springframework.scheduling.support.ScheduledMethodRunnable.lambda$run$2(ScheduledMethodRunnable.java:124)
	at io.micrometer.observation.Observation.observe(Observation.java:499)
	at org.springframework.scheduling.support.ScheduledMethodRunnable.run(ScheduledMethodRunnable.java:124)
	at org.springframework.scheduling.support.DelegatingErrorHandlingRunnable.run(DelegatingErrorHandlingRunnable.java:54)
	at java.base/java.util.concurrent.Executors$RunnableAdapter.call(Executors.java:539)
	at java.base/java.util.concurrent.FutureTask.runAndReset$$$capture(FutureTask.java:305)
	at java.base/java.util.concurrent.FutureTask.runAndReset(FutureTask.java)
	at java.base/java.util.concurrent.ScheduledThreadPoolExecutor$ScheduledFutureTask.run(ScheduledThreadPoolExecutor.java:305)
	at java.base/java.util.concurrent.ThreadPoolExecutor.runWorker(ThreadPoolExecutor.java:1136)
	at java.base/java.util.concurrent.ThreadPoolExecutor$Worker.run(ThreadPoolExecutor.java:635)
	at java.base/java.lang.Thread.run(Thread.java:833)
[2024-01-14 01:47:05,034] INFO  [40172 - scheduling-1 - {tus.util.video.com.practice.TusScheduler => tusCleanUp, %PARSER_ERROR[l]}] tus.util.video.com.practice.TusScheduler : tusCleanUp Schedule process
[2024-01-14 01:47:05,035] ERROR [40172 - scheduling-1 - {org.springframework.scheduling.support.TaskUtils$LoggingErrorHandler => handleError, %PARSER_ERROR[l]}] org.springframework.scheduling.support.TaskUtils$LoggingErrorHandler : Unexpected error occurred in scheduled task
java.nio.file.NoSuchFileException: D:\download\tus_upload_folder\locks
	at java.base/sun.nio.fs.WindowsException.translateToIOException(WindowsException.java:85)
	at java.base/sun.nio.fs.WindowsException.rethrowAsIOException(WindowsException.java:103)
	at java.base/sun.nio.fs.WindowsException.rethrowAsIOException(WindowsException.java:108)
	at java.base/sun.nio.fs.WindowsDirectoryStream.<init>(WindowsDirectoryStream.java:86)
	at java.base/sun.nio.fs.WindowsFileSystemProvider.newDirectoryStream(WindowsFileSystemProvider.java:535)
	at java.base/java.nio.file.Files.newDirectoryStream(Files.java:482)
	at me.desair.tus.server.upload.disk.DiskLockingService.cleanupStaleLocks(DiskLockingService.java:59)
	at me.desair.tus.server.upload.cache.ThreadLocalCachedStorageAndLockingService.cleanupStaleLocks(ThreadLocalCachedStorageAndLockingService.java:184)
	at me.desair.tus.server.TusFileUploadService.cleanup(TusFileUploadService.java:409)
	at tus.util.video.com.practice.TusScheduler.tusCleanUp(TusScheduler.java:19)
	at java.base/jdk.internal.reflect.DirectMethodHandleAccessor.invoke(DirectMethodHandleAccessor.java:104)
	at java.base/java.lang.reflect.Method.invoke(Method.java:577)
	at org.springframework.scheduling.support.ScheduledMethodRunnable.runInternal(ScheduledMethodRunnable.java:130)
	at org.springframework.scheduling.support.ScheduledMethodRunnable.lambda$run$2(ScheduledMethodRunnable.java:124)
	at io.micrometer.observation.Observation.observe(Observation.java:499)
	at org.springframework.scheduling.support.ScheduledMethodRunnable.run(ScheduledMethodRunnable.java:124)
	at org.springframework.scheduling.support.DelegatingErrorHandlingRunnable.run(DelegatingErrorHandlingRunnable.java:54)
	at java.base/java.util.concurrent.Executors$RunnableAdapter.call(Executors.java:539)
	at java.base/java.util.concurrent.FutureTask.runAndReset$$$capture(FutureTask.java:305)
	at java.base/java.util.concurrent.FutureTask.runAndReset(FutureTask.java)
	at java.base/java.util.concurrent.ScheduledThreadPoolExecutor$ScheduledFutureTask.run(ScheduledThreadPoolExecutor.java:305)
	at java.base/java.util.concurrent.ThreadPoolExecutor.runWorker(ThreadPoolExecutor.java:1136)
	at java.base/java.util.concurrent.ThreadPoolExecutor$Worker.run(ThreadPoolExecutor.java:635)
	at java.base/java.lang.Thread.run(Thread.java:833)
[2024-01-14 01:47:15,036] INFO  [40172 - scheduling-1 - {tus.util.video.com.practice.TusScheduler => tusCleanUp, %PARSER_ERROR[l]}] tus.util.video.com.practice.TusScheduler : tusCleanUp Schedule process
[2024-01-14 01:47:58,602] ERROR [40172 - scheduling-1 - {org.springframework.scheduling.support.TaskUtils$LoggingErrorHandler => handleError, %PARSER_ERROR[l]}] org.springframework.scheduling.support.TaskUtils$LoggingErrorHandler : Unexpected error occurred in scheduled task
java.nio.file.NoSuchFileException: D:\download\tus_upload_folder\locks
	at java.base/sun.nio.fs.WindowsException.translateToIOException(WindowsException.java:85)
	at java.base/sun.nio.fs.WindowsException.rethrowAsIOException(WindowsException.java:103)
	at java.base/sun.nio.fs.WindowsException.rethrowAsIOException(WindowsException.java:108)
	at java.base/sun.nio.fs.WindowsDirectoryStream.<init>(WindowsDirectoryStream.java:86)
	at java.base/sun.nio.fs.WindowsFileSystemProvider.newDirectoryStream(WindowsFileSystemProvider.java:535)
	at java.base/java.nio.file.Files.newDirectoryStream(Files.java:482)
	at me.desair.tus.server.upload.disk.DiskLockingService.cleanupStaleLocks(DiskLockingService.java:59)
	at me.desair.tus.server.upload.cache.ThreadLocalCachedStorageAndLockingService.cleanupStaleLocks(ThreadLocalCachedStorageAndLockingService.java:184)
	at me.desair.tus.server.TusFileUploadService.cleanup(TusFileUploadService.java:409)
	at tus.util.video.com.practice.TusScheduler.tusCleanUp(TusScheduler.java:19)
	at java.base/jdk.internal.reflect.DirectMethodHandleAccessor.invoke(DirectMethodHandleAccessor.java:104)
	at java.base/java.lang.reflect.Method.invoke(Method.java:577)
	at org.springframework.scheduling.support.ScheduledMethodRunnable.runInternal(ScheduledMethodRunnable.java:130)
	at org.springframework.scheduling.support.ScheduledMethodRunnable.lambda$run$2(ScheduledMethodRunnable.java:124)
	at io.micrometer.observation.Observation.observe(Observation.java:499)
	at org.springframework.scheduling.support.ScheduledMethodRunnable.run(ScheduledMethodRunnable.java:124)
	at org.springframework.scheduling.support.DelegatingErrorHandlingRunnable.run(DelegatingErrorHandlingRunnable.java:54)
	at java.base/java.util.concurrent.Executors$RunnableAdapter.call(Executors.java:539)
	at java.base/java.util.concurrent.FutureTask.runAndReset$$$capture(FutureTask.java:305)
	at java.base/java.util.concurrent.FutureTask.runAndReset(FutureTask.java)
	at java.base/java.util.concurrent.ScheduledThreadPoolExecutor$ScheduledFutureTask.run(ScheduledThreadPoolExecutor.java:305)
	at java.base/java.util.concurrent.ThreadPoolExecutor.runWorker(ThreadPoolExecutor.java:1136)
	at java.base/java.util.concurrent.ThreadPoolExecutor$Worker.run(ThreadPoolExecutor.java:635)
	at java.base/java.lang.Thread.run(Thread.java:833)
[2024-01-14 01:48:08,605] INFO  [40172 - scheduling-1 - {tus.util.video.com.practice.TusScheduler => tusCleanUp, %PARSER_ERROR[l]}] tus.util.video.com.practice.TusScheduler : tusCleanUp Schedule process
[2024-01-14 01:48:13,113] ERROR [40172 - scheduling-1 - {org.springframework.scheduling.support.TaskUtils$LoggingErrorHandler => handleError, %PARSER_ERROR[l]}] org.springframework.scheduling.support.TaskUtils$LoggingErrorHandler : Unexpected error occurred in scheduled task
java.nio.file.NoSuchFileException: D:\download\tus_upload_folder\locks
	at java.base/sun.nio.fs.WindowsException.translateToIOException(WindowsException.java:85)
	at java.base/sun.nio.fs.WindowsException.rethrowAsIOException(WindowsException.java:103)
	at java.base/sun.nio.fs.WindowsException.rethrowAsIOException(WindowsException.java:108)
	at java.base/sun.nio.fs.WindowsDirectoryStream.<init>(WindowsDirectoryStream.java:86)
	at java.base/sun.nio.fs.WindowsFileSystemProvider.newDirectoryStream(WindowsFileSystemProvider.java:535)
	at java.base/java.nio.file.Files.newDirectoryStream(Files.java:482)
	at me.desair.tus.server.upload.disk.DiskLockingService.cleanupStaleLocks(DiskLockingService.java:59)
	at me.desair.tus.server.upload.cache.ThreadLocalCachedStorageAndLockingService.cleanupStaleLocks(ThreadLocalCachedStorageAndLockingService.java:184)
	at me.desair.tus.server.TusFileUploadService.cleanup(TusFileUploadService.java:409)
	at tus.util.video.com.practice.TusScheduler.tusCleanUp(TusScheduler.java:19)
	at java.base/jdk.internal.reflect.DirectMethodHandleAccessor.invoke(DirectMethodHandleAccessor.java:104)
	at java.base/java.lang.reflect.Method.invoke(Method.java:577)
	at org.springframework.scheduling.support.ScheduledMethodRunnable.runInternal(ScheduledMethodRunnable.java:130)
	at org.springframework.scheduling.support.ScheduledMethodRunnable.lambda$run$2(ScheduledMethodRunnable.java:124)
	at io.micrometer.observation.Observation.observe(Observation.java:499)
	at org.springframework.scheduling.support.ScheduledMethodRunnable.run(ScheduledMethodRunnable.java:124)
	at org.springframework.scheduling.support.DelegatingErrorHandlingRunnable.run(DelegatingErrorHandlingRunnable.java:54)
	at java.base/java.util.concurrent.Executors$RunnableAdapter.call(Executors.java:539)
	at java.base/java.util.concurrent.FutureTask.runAndReset$$$capture(FutureTask.java:305)
	at java.base/java.util.concurrent.FutureTask.runAndReset(FutureTask.java)
	at java.base/java.util.concurrent.ScheduledThreadPoolExecutor$ScheduledFutureTask.run(ScheduledThreadPoolExecutor.java:305)
	at java.base/java.util.concurrent.ThreadPoolExecutor.runWorker(ThreadPoolExecutor.java:1136)
	at java.base/java.util.concurrent.ThreadPoolExecutor$Worker.run(ThreadPoolExecutor.java:635)
	at java.base/java.lang.Thread.run(Thread.java:833)
[2024-01-14 01:48:23,114] INFO  [40172 - scheduling-1 - {tus.util.video.com.practice.TusScheduler => tusCleanUp, %PARSER_ERROR[l]}] tus.util.video.com.practice.TusScheduler : tusCleanUp Schedule process
[2024-01-14 01:48:23,114] ERROR [40172 - scheduling-1 - {org.springframework.scheduling.support.TaskUtils$LoggingErrorHandler => handleError, %PARSER_ERROR[l]}] org.springframework.scheduling.support.TaskUtils$LoggingErrorHandler : Unexpected error occurred in scheduled task
java.nio.file.NoSuchFileException: D:\download\tus_upload_folder\locks
	at java.base/sun.nio.fs.WindowsException.translateToIOException(WindowsException.java:85)
	at java.base/sun.nio.fs.WindowsException.rethrowAsIOException(WindowsException.java:103)
	at java.base/sun.nio.fs.WindowsException.rethrowAsIOException(WindowsException.java:108)
	at java.base/sun.nio.fs.WindowsDirectoryStream.<init>(WindowsDirectoryStream.java:86)
	at java.base/sun.nio.fs.WindowsFileSystemProvider.newDirectoryStream(WindowsFileSystemProvider.java:535)
	at java.base/java.nio.file.Files.newDirectoryStream(Files.java:482)
	at me.desair.tus.server.upload.disk.DiskLockingService.cleanupStaleLocks(DiskLockingService.java:59)
	at me.desair.tus.server.upload.cache.ThreadLocalCachedStorageAndLockingService.cleanupStaleLocks(ThreadLocalCachedStorageAndLockingService.java:184)
	at me.desair.tus.server.TusFileUploadService.cleanup(TusFileUploadService.java:409)
	at tus.util.video.com.practice.TusScheduler.tusCleanUp(TusScheduler.java:19)
	at java.base/jdk.internal.reflect.DirectMethodHandleAccessor.invoke(DirectMethodHandleAccessor.java:104)
	at java.base/java.lang.reflect.Method.invoke(Method.java:577)
	at org.springframework.scheduling.support.ScheduledMethodRunnable.runInternal(ScheduledMethodRunnable.java:130)
	at org.springframework.scheduling.support.ScheduledMethodRunnable.lambda$run$2(ScheduledMethodRunnable.java:124)
	at io.micrometer.observation.Observation.observe(Observation.java:499)
	at org.springframework.scheduling.support.ScheduledMethodRunnable.run(ScheduledMethodRunnable.java:124)
	at org.springframework.scheduling.support.DelegatingErrorHandlingRunnable.run(DelegatingErrorHandlingRunnable.java:54)
	at java.base/java.util.concurrent.Executors$RunnableAdapter.call(Executors.java:539)
	at java.base/java.util.concurrent.FutureTask.runAndReset$$$capture(FutureTask.java:305)
	at java.base/java.util.concurrent.FutureTask.runAndReset(FutureTask.java)
	at java.base/java.util.concurrent.ScheduledThreadPoolExecutor$ScheduledFutureTask.run(ScheduledThreadPoolExecutor.java:305)
	at java.base/java.util.concurrent.ThreadPoolExecutor.runWorker(ThreadPoolExecutor.java:1136)
	at java.base/java.util.concurrent.ThreadPoolExecutor$Worker.run(ThreadPoolExecutor.java:635)
	at java.base/java.lang.Thread.run(Thread.java:833)
[2024-01-14 01:48:33,116] INFO  [40172 - scheduling-1 - {tus.util.video.com.practice.TusScheduler => tusCleanUp, %PARSER_ERROR[l]}] tus.util.video.com.practice.TusScheduler : tusCleanUp Schedule process
[2024-01-14 01:48:33,116] ERROR [40172 - scheduling-1 - {org.springframework.scheduling.support.TaskUtils$LoggingErrorHandler => handleError, %PARSER_ERROR[l]}] org.springframework.scheduling.support.TaskUtils$LoggingErrorHandler : Unexpected error occurred in scheduled task
java.nio.file.NoSuchFileException: D:\download\tus_upload_folder\locks
	at java.base/sun.nio.fs.WindowsException.translateToIOException(WindowsException.java:85)
	at java.base/sun.nio.fs.WindowsException.rethrowAsIOException(WindowsException.java:103)
	at java.base/sun.nio.fs.WindowsException.rethrowAsIOException(WindowsException.java:108)
	at java.base/sun.nio.fs.WindowsDirectoryStream.<init>(WindowsDirectoryStream.java:86)
	at java.base/sun.nio.fs.WindowsFileSystemProvider.newDirectoryStream(WindowsFileSystemProvider.java:535)
	at java.base/java.nio.file.Files.newDirectoryStream(Files.java:482)
	at me.desair.tus.server.upload.disk.DiskLockingService.cleanupStaleLocks(DiskLockingService.java:59)
	at me.desair.tus.server.upload.cache.ThreadLocalCachedStorageAndLockingService.cleanupStaleLocks(ThreadLocalCachedStorageAndLockingService.java:184)
	at me.desair.tus.server.TusFileUploadService.cleanup(TusFileUploadService.java:409)
	at tus.util.video.com.practice.TusScheduler.tusCleanUp(TusScheduler.java:19)
	at java.base/jdk.internal.reflect.DirectMethodHandleAccessor.invoke(DirectMethodHandleAccessor.java:104)
	at java.base/java.lang.reflect.Method.invoke(Method.java:577)
	at org.springframework.scheduling.support.ScheduledMethodRunnable.runInternal(ScheduledMethodRunnable.java:130)
	at org.springframework.scheduling.support.ScheduledMethodRunnable.lambda$run$2(ScheduledMethodRunnable.java:124)
	at io.micrometer.observation.Observation.observe(Observation.java:499)
	at org.springframework.scheduling.support.ScheduledMethodRunnable.run(ScheduledMethodRunnable.java:124)
	at org.springframework.scheduling.support.DelegatingErrorHandlingRunnable.run(DelegatingErrorHandlingRunnable.java:54)
	at java.base/java.util.concurrent.Executors$RunnableAdapter.call(Executors.java:539)
	at java.base/java.util.concurrent.FutureTask.runAndReset$$$capture(FutureTask.java:305)
	at java.base/java.util.concurrent.FutureTask.runAndReset(FutureTask.java)
	at java.base/java.util.concurrent.ScheduledThreadPoolExecutor$ScheduledFutureTask.run(ScheduledThreadPoolExecutor.java:305)
	at java.base/java.util.concurrent.ThreadPoolExecutor.runWorker(ThreadPoolExecutor.java:1136)
	at java.base/java.util.concurrent.ThreadPoolExecutor$Worker.run(ThreadPoolExecutor.java:635)
	at java.base/java.lang.Thread.run(Thread.java:833)
[2024-01-14 01:48:43,117] INFO  [40172 - scheduling-1 - {tus.util.video.com.practice.TusScheduler => tusCleanUp, %PARSER_ERROR[l]}] tus.util.video.com.practice.TusScheduler : tusCleanUp Schedule process
[2024-01-14 01:48:43,117] ERROR [40172 - scheduling-1 - {org.springframework.scheduling.support.TaskUtils$LoggingErrorHandler => handleError, %PARSER_ERROR[l]}] org.springframework.scheduling.support.TaskUtils$LoggingErrorHandler : Unexpected error occurred in scheduled task
java.nio.file.NoSuchFileException: D:\download\tus_upload_folder\locks
	at java.base/sun.nio.fs.WindowsException.translateToIOException(WindowsException.java:85)
	at java.base/sun.nio.fs.WindowsException.rethrowAsIOException(WindowsException.java:103)
	at java.base/sun.nio.fs.WindowsException.rethrowAsIOException(WindowsException.java:108)
	at java.base/sun.nio.fs.WindowsDirectoryStream.<init>(WindowsDirectoryStream.java:86)
	at java.base/sun.nio.fs.WindowsFileSystemProvider.newDirectoryStream(WindowsFileSystemProvider.java:535)
	at java.base/java.nio.file.Files.newDirectoryStream(Files.java:482)
	at me.desair.tus.server.upload.disk.DiskLockingService.cleanupStaleLocks(DiskLockingService.java:59)
	at me.desair.tus.server.upload.cache.ThreadLocalCachedStorageAndLockingService.cleanupStaleLocks(ThreadLocalCachedStorageAndLockingService.java:184)
	at me.desair.tus.server.TusFileUploadService.cleanup(TusFileUploadService.java:409)
	at tus.util.video.com.practice.TusScheduler.tusCleanUp(TusScheduler.java:19)
	at java.base/jdk.internal.reflect.DirectMethodHandleAccessor.invoke(DirectMethodHandleAccessor.java:104)
	at java.base/java.lang.reflect.Method.invoke(Method.java:577)
	at org.springframework.scheduling.support.ScheduledMethodRunnable.runInternal(ScheduledMethodRunnable.java:130)
	at org.springframework.scheduling.support.ScheduledMethodRunnable.lambda$run$2(ScheduledMethodRunnable.java:124)
	at io.micrometer.observation.Observation.observe(Observation.java:499)
	at org.springframework.scheduling.support.ScheduledMethodRunnable.run(ScheduledMethodRunnable.java:124)
	at org.springframework.scheduling.support.DelegatingErrorHandlingRunnable.run(DelegatingErrorHandlingRunnable.java:54)
	at java.base/java.util.concurrent.Executors$RunnableAdapter.call(Executors.java:539)
	at java.base/java.util.concurrent.FutureTask.runAndReset$$$capture(FutureTask.java:305)
	at java.base/java.util.concurrent.FutureTask.runAndReset(FutureTask.java)
	at java.base/java.util.concurrent.ScheduledThreadPoolExecutor$ScheduledFutureTask.run(ScheduledThreadPoolExecutor.java:305)
	at java.base/java.util.concurrent.ThreadPoolExecutor.runWorker(ThreadPoolExecutor.java:1136)
	at java.base/java.util.concurrent.ThreadPoolExecutor$Worker.run(ThreadPoolExecutor.java:635)
	at java.base/java.lang.Thread.run(Thread.java:833)
[2024-01-14 01:48:53,120] INFO  [40172 - scheduling-1 - {tus.util.video.com.practice.TusScheduler => tusCleanUp, %PARSER_ERROR[l]}] tus.util.video.com.practice.TusScheduler : tusCleanUp Schedule process
[2024-01-14 01:48:53,120] ERROR [40172 - scheduling-1 - {org.springframework.scheduling.support.TaskUtils$LoggingErrorHandler => handleError, %PARSER_ERROR[l]}] org.springframework.scheduling.support.TaskUtils$LoggingErrorHandler : Unexpected error occurred in scheduled task
java.nio.file.NoSuchFileException: D:\download\tus_upload_folder\locks
	at java.base/sun.nio.fs.WindowsException.translateToIOException(WindowsException.java:85)
	at java.base/sun.nio.fs.WindowsException.rethrowAsIOException(WindowsException.java:103)
	at java.base/sun.nio.fs.WindowsException.rethrowAsIOException(WindowsException.java:108)
	at java.base/sun.nio.fs.WindowsDirectoryStream.<init>(WindowsDirectoryStream.java:86)
	at java.base/sun.nio.fs.WindowsFileSystemProvider.newDirectoryStream(WindowsFileSystemProvider.java:535)
	at java.base/java.nio.file.Files.newDirectoryStream(Files.java:482)
	at me.desair.tus.server.upload.disk.DiskLockingService.cleanupStaleLocks(DiskLockingService.java:59)
	at me.desair.tus.server.upload.cache.ThreadLocalCachedStorageAndLockingService.cleanupStaleLocks(ThreadLocalCachedStorageAndLockingService.java:184)
	at me.desair.tus.server.TusFileUploadService.cleanup(TusFileUploadService.java:409)
	at tus.util.video.com.practice.TusScheduler.tusCleanUp(TusScheduler.java:19)
	at java.base/jdk.internal.reflect.DirectMethodHandleAccessor.invoke(DirectMethodHandleAccessor.java:104)
	at java.base/java.lang.reflect.Method.invoke(Method.java:577)
	at org.springframework.scheduling.support.ScheduledMethodRunnable.runInternal(ScheduledMethodRunnable.java:130)
	at org.springframework.scheduling.support.ScheduledMethodRunnable.lambda$run$2(ScheduledMethodRunnable.java:124)
	at io.micrometer.observation.Observation.observe(Observation.java:499)
	at org.springframework.scheduling.support.ScheduledMethodRunnable.run(ScheduledMethodRunnable.java:124)
	at org.springframework.scheduling.support.DelegatingErrorHandlingRunnable.run(DelegatingErrorHandlingRunnable.java:54)
	at java.base/java.util.concurrent.Executors$RunnableAdapter.call(Executors.java:539)
	at java.base/java.util.concurrent.FutureTask.runAndReset$$$capture(FutureTask.java:305)
	at java.base/java.util.concurrent.FutureTask.runAndReset(FutureTask.java)
	at java.base/java.util.concurrent.ScheduledThreadPoolExecutor$ScheduledFutureTask.run(ScheduledThreadPoolExecutor.java:305)
	at java.base/java.util.concurrent.ThreadPoolExecutor.runWorker(ThreadPoolExecutor.java:1136)
	at java.base/java.util.concurrent.ThreadPoolExecutor$Worker.run(ThreadPoolExecutor.java:635)
	at java.base/java.lang.Thread.run(Thread.java:833)
[2024-01-14 01:49:03,121] INFO  [40172 - scheduling-1 - {tus.util.video.com.practice.TusScheduler => tusCleanUp, %PARSER_ERROR[l]}] tus.util.video.com.practice.TusScheduler : tusCleanUp Schedule process
[2024-01-14 01:49:03,121] ERROR [40172 - scheduling-1 - {org.springframework.scheduling.support.TaskUtils$LoggingErrorHandler => handleError, %PARSER_ERROR[l]}] org.springframework.scheduling.support.TaskUtils$LoggingErrorHandler : Unexpected error occurred in scheduled task
java.nio.file.NoSuchFileException: D:\download\tus_upload_folder\locks
	at java.base/sun.nio.fs.WindowsException.translateToIOException(WindowsException.java:85)
	at java.base/sun.nio.fs.WindowsException.rethrowAsIOException(WindowsException.java:103)
	at java.base/sun.nio.fs.WindowsException.rethrowAsIOException(WindowsException.java:108)
	at java.base/sun.nio.fs.WindowsDirectoryStream.<init>(WindowsDirectoryStream.java:86)
	at java.base/sun.nio.fs.WindowsFileSystemProvider.newDirectoryStream(WindowsFileSystemProvider.java:535)
	at java.base/java.nio.file.Files.newDirectoryStream(Files.java:482)
	at me.desair.tus.server.upload.disk.DiskLockingService.cleanupStaleLocks(DiskLockingService.java:59)
	at me.desair.tus.server.upload.cache.ThreadLocalCachedStorageAndLockingService.cleanupStaleLocks(ThreadLocalCachedStorageAndLockingService.java:184)
	at me.desair.tus.server.TusFileUploadService.cleanup(TusFileUploadService.java:409)
	at tus.util.video.com.practice.TusScheduler.tusCleanUp(TusScheduler.java:19)
	at java.base/jdk.internal.reflect.DirectMethodHandleAccessor.invoke(DirectMethodHandleAccessor.java:104)
	at java.base/java.lang.reflect.Method.invoke(Method.java:577)
	at org.springframework.scheduling.support.ScheduledMethodRunnable.runInternal(ScheduledMethodRunnable.java:130)
	at org.springframework.scheduling.support.ScheduledMethodRunnable.lambda$run$2(ScheduledMethodRunnable.java:124)
	at io.micrometer.observation.Observation.observe(Observation.java:499)
	at org.springframework.scheduling.support.ScheduledMethodRunnable.run(ScheduledMethodRunnable.java:124)
	at org.springframework.scheduling.support.DelegatingErrorHandlingRunnable.run(DelegatingErrorHandlingRunnable.java:54)
	at java.base/java.util.concurrent.Executors$RunnableAdapter.call(Executors.java:539)
	at java.base/java.util.concurrent.FutureTask.runAndReset$$$capture(FutureTask.java:305)
	at java.base/java.util.concurrent.FutureTask.runAndReset(FutureTask.java)
	at java.base/java.util.concurrent.ScheduledThreadPoolExecutor$ScheduledFutureTask.run(ScheduledThreadPoolExecutor.java:305)
	at java.base/java.util.concurrent.ThreadPoolExecutor.runWorker(ThreadPoolExecutor.java:1136)
	at java.base/java.util.concurrent.ThreadPoolExecutor$Worker.run(ThreadPoolExecutor.java:635)
	at java.base/java.lang.Thread.run(Thread.java:833)
[2024-01-14 01:49:13,123] INFO  [40172 - scheduling-1 - {tus.util.video.com.practice.TusScheduler => tusCleanUp, %PARSER_ERROR[l]}] tus.util.video.com.practice.TusScheduler : tusCleanUp Schedule process
[2024-01-14 01:49:13,123] ERROR [40172 - scheduling-1 - {org.springframework.scheduling.support.TaskUtils$LoggingErrorHandler => handleError, %PARSER_ERROR[l]}] org.springframework.scheduling.support.TaskUtils$LoggingErrorHandler : Unexpected error occurred in scheduled task
java.nio.file.NoSuchFileException: D:\download\tus_upload_folder\locks
	at java.base/sun.nio.fs.WindowsException.translateToIOException(WindowsException.java:85)
	at java.base/sun.nio.fs.WindowsException.rethrowAsIOException(WindowsException.java:103)
	at java.base/sun.nio.fs.WindowsException.rethrowAsIOException(WindowsException.java:108)
	at java.base/sun.nio.fs.WindowsDirectoryStream.<init>(WindowsDirectoryStream.java:86)
	at java.base/sun.nio.fs.WindowsFileSystemProvider.newDirectoryStream(WindowsFileSystemProvider.java:535)
	at java.base/java.nio.file.Files.newDirectoryStream(Files.java:482)
	at me.desair.tus.server.upload.disk.DiskLockingService.cleanupStaleLocks(DiskLockingService.java:59)
	at me.desair.tus.server.upload.cache.ThreadLocalCachedStorageAndLockingService.cleanupStaleLocks(ThreadLocalCachedStorageAndLockingService.java:184)
	at me.desair.tus.server.TusFileUploadService.cleanup(TusFileUploadService.java:409)
	at tus.util.video.com.practice.TusScheduler.tusCleanUp(TusScheduler.java:19)
	at java.base/jdk.internal.reflect.DirectMethodHandleAccessor.invoke(DirectMethodHandleAccessor.java:104)
	at java.base/java.lang.reflect.Method.invoke(Method.java:577)
	at org.springframework.scheduling.support.ScheduledMethodRunnable.runInternal(ScheduledMethodRunnable.java:130)
	at org.springframework.scheduling.support.ScheduledMethodRunnable.lambda$run$2(ScheduledMethodRunnable.java:124)
	at io.micrometer.observation.Observation.observe(Observation.java:499)
	at org.springframework.scheduling.support.ScheduledMethodRunnable.run(ScheduledMethodRunnable.java:124)
	at org.springframework.scheduling.support.DelegatingErrorHandlingRunnable.run(DelegatingErrorHandlingRunnable.java:54)
	at java.base/java.util.concurrent.Executors$RunnableAdapter.call(Executors.java:539)
	at java.base/java.util.concurrent.FutureTask.runAndReset$$$capture(FutureTask.java:305)
	at java.base/java.util.concurrent.FutureTask.runAndReset(FutureTask.java)
	at java.base/java.util.concurrent.ScheduledThreadPoolExecutor$ScheduledFutureTask.run(ScheduledThreadPoolExecutor.java:305)
	at java.base/java.util.concurrent.ThreadPoolExecutor.runWorker(ThreadPoolExecutor.java:1136)
	at java.base/java.util.concurrent.ThreadPoolExecutor$Worker.run(ThreadPoolExecutor.java:635)
	at java.base/java.lang.Thread.run(Thread.java:833)
[2024-01-14 01:49:23,124] INFO  [40172 - scheduling-1 - {tus.util.video.com.practice.TusScheduler => tusCleanUp, %PARSER_ERROR[l]}] tus.util.video.com.practice.TusScheduler : tusCleanUp Schedule process
[2024-01-14 01:49:23,124] ERROR [40172 - scheduling-1 - {org.springframework.scheduling.support.TaskUtils$LoggingErrorHandler => handleError, %PARSER_ERROR[l]}] org.springframework.scheduling.support.TaskUtils$LoggingErrorHandler : Unexpected error occurred in scheduled task
java.nio.file.NoSuchFileException: D:\download\tus_upload_folder\locks
	at java.base/sun.nio.fs.WindowsException.translateToIOException(WindowsException.java:85)
	at java.base/sun.nio.fs.WindowsException.rethrowAsIOException(WindowsException.java:103)
	at java.base/sun.nio.fs.WindowsException.rethrowAsIOException(WindowsException.java:108)
	at java.base/sun.nio.fs.WindowsDirectoryStream.<init>(WindowsDirectoryStream.java:86)
	at java.base/sun.nio.fs.WindowsFileSystemProvider.newDirectoryStream(WindowsFileSystemProvider.java:535)
	at java.base/java.nio.file.Files.newDirectoryStream(Files.java:482)
	at me.desair.tus.server.upload.disk.DiskLockingService.cleanupStaleLocks(DiskLockingService.java:59)
	at me.desair.tus.server.upload.cache.ThreadLocalCachedStorageAndLockingService.cleanupStaleLocks(ThreadLocalCachedStorageAndLockingService.java:184)
	at me.desair.tus.server.TusFileUploadService.cleanup(TusFileUploadService.java:409)
	at tus.util.video.com.practice.TusScheduler.tusCleanUp(TusScheduler.java:19)
	at java.base/jdk.internal.reflect.DirectMethodHandleAccessor.invoke(DirectMethodHandleAccessor.java:104)
	at java.base/java.lang.reflect.Method.invoke(Method.java:577)
	at org.springframework.scheduling.support.ScheduledMethodRunnable.runInternal(ScheduledMethodRunnable.java:130)
	at org.springframework.scheduling.support.ScheduledMethodRunnable.lambda$run$2(ScheduledMethodRunnable.java:124)
	at io.micrometer.observation.Observation.observe(Observation.java:499)
	at org.springframework.scheduling.support.ScheduledMethodRunnable.run(ScheduledMethodRunnable.java:124)
	at org.springframework.scheduling.support.DelegatingErrorHandlingRunnable.run(DelegatingErrorHandlingRunnable.java:54)
	at java.base/java.util.concurrent.Executors$RunnableAdapter.call(Executors.java:539)
	at java.base/java.util.concurrent.FutureTask.runAndReset$$$capture(FutureTask.java:305)
	at java.base/java.util.concurrent.FutureTask.runAndReset(FutureTask.java)
	at java.base/java.util.concurrent.ScheduledThreadPoolExecutor$ScheduledFutureTask.run(ScheduledThreadPoolExecutor.java:305)
	at java.base/java.util.concurrent.ThreadPoolExecutor.runWorker(ThreadPoolExecutor.java:1136)
	at java.base/java.util.concurrent.ThreadPoolExecutor$Worker.run(ThreadPoolExecutor.java:635)
	at java.base/java.lang.Thread.run(Thread.java:833)
[2024-01-14 01:49:33,125] INFO  [40172 - scheduling-1 - {tus.util.video.com.practice.TusScheduler => tusCleanUp, %PARSER_ERROR[l]}] tus.util.video.com.practice.TusScheduler : tusCleanUp Schedule process
[2024-01-14 01:49:33,125] ERROR [40172 - scheduling-1 - {org.springframework.scheduling.support.TaskUtils$LoggingErrorHandler => handleError, %PARSER_ERROR[l]}] org.springframework.scheduling.support.TaskUtils$LoggingErrorHandler : Unexpected error occurred in scheduled task
java.nio.file.NoSuchFileException: D:\download\tus_upload_folder\locks
	at java.base/sun.nio.fs.WindowsException.translateToIOException(WindowsException.java:85)
	at java.base/sun.nio.fs.WindowsException.rethrowAsIOException(WindowsException.java:103)
	at java.base/sun.nio.fs.WindowsException.rethrowAsIOException(WindowsException.java:108)
	at java.base/sun.nio.fs.WindowsDirectoryStream.<init>(WindowsDirectoryStream.java:86)
	at java.base/sun.nio.fs.WindowsFileSystemProvider.newDirectoryStream(WindowsFileSystemProvider.java:535)
	at java.base/java.nio.file.Files.newDirectoryStream(Files.java:482)
	at me.desair.tus.server.upload.disk.DiskLockingService.cleanupStaleLocks(DiskLockingService.java:59)
	at me.desair.tus.server.upload.cache.ThreadLocalCachedStorageAndLockingService.cleanupStaleLocks(ThreadLocalCachedStorageAndLockingService.java:184)
	at me.desair.tus.server.TusFileUploadService.cleanup(TusFileUploadService.java:409)
	at tus.util.video.com.practice.TusScheduler.tusCleanUp(TusScheduler.java:19)
	at java.base/jdk.internal.reflect.DirectMethodHandleAccessor.invoke(DirectMethodHandleAccessor.java:104)
	at java.base/java.lang.reflect.Method.invoke(Method.java:577)
	at org.springframework.scheduling.support.ScheduledMethodRunnable.runInternal(ScheduledMethodRunnable.java:130)
	at org.springframework.scheduling.support.ScheduledMethodRunnable.lambda$run$2(ScheduledMethodRunnable.java:124)
	at io.micrometer.observation.Observation.observe(Observation.java:499)
	at org.springframework.scheduling.support.ScheduledMethodRunnable.run(ScheduledMethodRunnable.java:124)
	at org.springframework.scheduling.support.DelegatingErrorHandlingRunnable.run(DelegatingErrorHandlingRunnable.java:54)
	at java.base/java.util.concurrent.Executors$RunnableAdapter.call(Executors.java:539)
	at java.base/java.util.concurrent.FutureTask.runAndReset$$$capture(FutureTask.java:305)
	at java.base/java.util.concurrent.FutureTask.runAndReset(FutureTask.java)
	at java.base/java.util.concurrent.ScheduledThreadPoolExecutor$ScheduledFutureTask.run(ScheduledThreadPoolExecutor.java:305)
	at java.base/java.util.concurrent.ThreadPoolExecutor.runWorker(ThreadPoolExecutor.java:1136)
	at java.base/java.util.concurrent.ThreadPoolExecutor$Worker.run(ThreadPoolExecutor.java:635)
	at java.base/java.lang.Thread.run(Thread.java:833)
[2024-01-14 01:49:43,127] INFO  [40172 - scheduling-1 - {tus.util.video.com.practice.TusScheduler => tusCleanUp, %PARSER_ERROR[l]}] tus.util.video.com.practice.TusScheduler : tusCleanUp Schedule process
[2024-01-14 01:49:43,127] ERROR [40172 - scheduling-1 - {org.springframework.scheduling.support.TaskUtils$LoggingErrorHandler => handleError, %PARSER_ERROR[l]}] org.springframework.scheduling.support.TaskUtils$LoggingErrorHandler : Unexpected error occurred in scheduled task
java.nio.file.NoSuchFileException: D:\download\tus_upload_folder\locks
	at java.base/sun.nio.fs.WindowsException.translateToIOException(WindowsException.java:85)
	at java.base/sun.nio.fs.WindowsException.rethrowAsIOException(WindowsException.java:103)
	at java.base/sun.nio.fs.WindowsException.rethrowAsIOException(WindowsException.java:108)
	at java.base/sun.nio.fs.WindowsDirectoryStream.<init>(WindowsDirectoryStream.java:86)
	at java.base/sun.nio.fs.WindowsFileSystemProvider.newDirectoryStream(WindowsFileSystemProvider.java:535)
	at java.base/java.nio.file.Files.newDirectoryStream(Files.java:482)
	at me.desair.tus.server.upload.disk.DiskLockingService.cleanupStaleLocks(DiskLockingService.java:59)
	at me.desair.tus.server.upload.cache.ThreadLocalCachedStorageAndLockingService.cleanupStaleLocks(ThreadLocalCachedStorageAndLockingService.java:184)
	at me.desair.tus.server.TusFileUploadService.cleanup(TusFileUploadService.java:409)
	at tus.util.video.com.practice.TusScheduler.tusCleanUp(TusScheduler.java:19)
	at java.base/jdk.internal.reflect.DirectMethodHandleAccessor.invoke(DirectMethodHandleAccessor.java:104)
	at java.base/java.lang.reflect.Method.invoke(Method.java:577)
	at org.springframework.scheduling.support.ScheduledMethodRunnable.runInternal(ScheduledMethodRunnable.java:130)
	at org.springframework.scheduling.support.ScheduledMethodRunnable.lambda$run$2(ScheduledMethodRunnable.java:124)
	at io.micrometer.observation.Observation.observe(Observation.java:499)
	at org.springframework.scheduling.support.ScheduledMethodRunnable.run(ScheduledMethodRunnable.java:124)
	at org.springframework.scheduling.support.DelegatingErrorHandlingRunnable.run(DelegatingErrorHandlingRunnable.java:54)
	at java.base/java.util.concurrent.Executors$RunnableAdapter.call(Executors.java:539)
	at java.base/java.util.concurrent.FutureTask.runAndReset$$$capture(FutureTask.java:305)
	at java.base/java.util.concurrent.FutureTask.runAndReset(FutureTask.java)
	at java.base/java.util.concurrent.ScheduledThreadPoolExecutor$ScheduledFutureTask.run(ScheduledThreadPoolExecutor.java:305)
	at java.base/java.util.concurrent.ThreadPoolExecutor.runWorker(ThreadPoolExecutor.java:1136)
	at java.base/java.util.concurrent.ThreadPoolExecutor$Worker.run(ThreadPoolExecutor.java:635)
	at java.base/java.lang.Thread.run(Thread.java:833)
[2024-01-14 01:49:53,130] INFO  [40172 - scheduling-1 - {tus.util.video.com.practice.TusScheduler => tusCleanUp, %PARSER_ERROR[l]}] tus.util.video.com.practice.TusScheduler : tusCleanUp Schedule process
[2024-01-14 01:49:53,130] ERROR [40172 - scheduling-1 - {org.springframework.scheduling.support.TaskUtils$LoggingErrorHandler => handleError, %PARSER_ERROR[l]}] org.springframework.scheduling.support.TaskUtils$LoggingErrorHandler : Unexpected error occurred in scheduled task
java.nio.file.NoSuchFileException: D:\download\tus_upload_folder\locks
	at java.base/sun.nio.fs.WindowsException.translateToIOException(WindowsException.java:85)
	at java.base/sun.nio.fs.WindowsException.rethrowAsIOException(WindowsException.java:103)
	at java.base/sun.nio.fs.WindowsException.rethrowAsIOException(WindowsException.java:108)
	at java.base/sun.nio.fs.WindowsDirectoryStream.<init>(WindowsDirectoryStream.java:86)
	at java.base/sun.nio.fs.WindowsFileSystemProvider.newDirectoryStream(WindowsFileSystemProvider.java:535)
	at java.base/java.nio.file.Files.newDirectoryStream(Files.java:482)
	at me.desair.tus.server.upload.disk.DiskLockingService.cleanupStaleLocks(DiskLockingService.java:59)
	at me.desair.tus.server.upload.cache.ThreadLocalCachedStorageAndLockingService.cleanupStaleLocks(ThreadLocalCachedStorageAndLockingService.java:184)
	at me.desair.tus.server.TusFileUploadService.cleanup(TusFileUploadService.java:409)
	at tus.util.video.com.practice.TusScheduler.tusCleanUp(TusScheduler.java:19)
	at java.base/jdk.internal.reflect.DirectMethodHandleAccessor.invoke(DirectMethodHandleAccessor.java:104)
	at java.base/java.lang.reflect.Method.invoke(Method.java:577)
	at org.springframework.scheduling.support.ScheduledMethodRunnable.runInternal(ScheduledMethodRunnable.java:130)
	at org.springframework.scheduling.support.ScheduledMethodRunnable.lambda$run$2(ScheduledMethodRunnable.java:124)
	at io.micrometer.observation.Observation.observe(Observation.java:499)
	at org.springframework.scheduling.support.ScheduledMethodRunnable.run(ScheduledMethodRunnable.java:124)
	at org.springframework.scheduling.support.DelegatingErrorHandlingRunnable.run(DelegatingErrorHandlingRunnable.java:54)
	at java.base/java.util.concurrent.Executors$RunnableAdapter.call(Executors.java:539)
	at java.base/java.util.concurrent.FutureTask.runAndReset$$$capture(FutureTask.java:305)
	at java.base/java.util.concurrent.FutureTask.runAndReset(FutureTask.java)
	at java.base/java.util.concurrent.ScheduledThreadPoolExecutor$ScheduledFutureTask.run(ScheduledThreadPoolExecutor.java:305)
	at java.base/java.util.concurrent.ThreadPoolExecutor.runWorker(ThreadPoolExecutor.java:1136)
	at java.base/java.util.concurrent.ThreadPoolExecutor$Worker.run(ThreadPoolExecutor.java:635)
	at java.base/java.lang.Thread.run(Thread.java:833)
[2024-01-14 01:50:03,131] INFO  [40172 - scheduling-1 - {tus.util.video.com.practice.TusScheduler => tusCleanUp, %PARSER_ERROR[l]}] tus.util.video.com.practice.TusScheduler : tusCleanUp Schedule process
[2024-01-14 01:50:03,132] ERROR [40172 - scheduling-1 - {org.springframework.scheduling.support.TaskUtils$LoggingErrorHandler => handleError, %PARSER_ERROR[l]}] org.springframework.scheduling.support.TaskUtils$LoggingErrorHandler : Unexpected error occurred in scheduled task
java.nio.file.NoSuchFileException: D:\download\tus_upload_folder\locks
	at java.base/sun.nio.fs.WindowsException.translateToIOException(WindowsException.java:85)
	at java.base/sun.nio.fs.WindowsException.rethrowAsIOException(WindowsException.java:103)
	at java.base/sun.nio.fs.WindowsException.rethrowAsIOException(WindowsException.java:108)
	at java.base/sun.nio.fs.WindowsDirectoryStream.<init>(WindowsDirectoryStream.java:86)
	at java.base/sun.nio.fs.WindowsFileSystemProvider.newDirectoryStream(WindowsFileSystemProvider.java:535)
	at java.base/java.nio.file.Files.newDirectoryStream(Files.java:482)
	at me.desair.tus.server.upload.disk.DiskLockingService.cleanupStaleLocks(DiskLockingService.java:59)
	at me.desair.tus.server.upload.cache.ThreadLocalCachedStorageAndLockingService.cleanupStaleLocks(ThreadLocalCachedStorageAndLockingService.java:184)
	at me.desair.tus.server.TusFileUploadService.cleanup(TusFileUploadService.java:409)
	at tus.util.video.com.practice.TusScheduler.tusCleanUp(TusScheduler.java:19)
	at java.base/jdk.internal.reflect.DirectMethodHandleAccessor.invoke(DirectMethodHandleAccessor.java:104)
	at java.base/java.lang.reflect.Method.invoke(Method.java:577)
	at org.springframework.scheduling.support.ScheduledMethodRunnable.runInternal(ScheduledMethodRunnable.java:130)
	at org.springframework.scheduling.support.ScheduledMethodRunnable.lambda$run$2(ScheduledMethodRunnable.java:124)
	at io.micrometer.observation.Observation.observe(Observation.java:499)
	at org.springframework.scheduling.support.ScheduledMethodRunnable.run(ScheduledMethodRunnable.java:124)
	at org.springframework.scheduling.support.DelegatingErrorHandlingRunnable.run(DelegatingErrorHandlingRunnable.java:54)
	at java.base/java.util.concurrent.Executors$RunnableAdapter.call(Executors.java:539)
	at java.base/java.util.concurrent.FutureTask.runAndReset$$$capture(FutureTask.java:305)
	at java.base/java.util.concurrent.FutureTask.runAndReset(FutureTask.java)
	at java.base/java.util.concurrent.ScheduledThreadPoolExecutor$ScheduledFutureTask.run(ScheduledThreadPoolExecutor.java:305)
	at java.base/java.util.concurrent.ThreadPoolExecutor.runWorker(ThreadPoolExecutor.java:1136)
	at java.base/java.util.concurrent.ThreadPoolExecutor$Worker.run(ThreadPoolExecutor.java:635)
	at java.base/java.lang.Thread.run(Thread.java:833)
[2024-01-14 01:50:13,134] INFO  [40172 - scheduling-1 - {tus.util.video.com.practice.TusScheduler => tusCleanUp, %PARSER_ERROR[l]}] tus.util.video.com.practice.TusScheduler : tusCleanUp Schedule process
[2024-01-14 01:50:13,135] ERROR [40172 - scheduling-1 - {org.springframework.scheduling.support.TaskUtils$LoggingErrorHandler => handleError, %PARSER_ERROR[l]}] org.springframework.scheduling.support.TaskUtils$LoggingErrorHandler : Unexpected error occurred in scheduled task
java.nio.file.NoSuchFileException: D:\download\tus_upload_folder\locks
	at java.base/sun.nio.fs.WindowsException.translateToIOException(WindowsException.java:85)
	at java.base/sun.nio.fs.WindowsException.rethrowAsIOException(WindowsException.java:103)
	at java.base/sun.nio.fs.WindowsException.rethrowAsIOException(WindowsException.java:108)
	at java.base/sun.nio.fs.WindowsDirectoryStream.<init>(WindowsDirectoryStream.java:86)
	at java.base/sun.nio.fs.WindowsFileSystemProvider.newDirectoryStream(WindowsFileSystemProvider.java:535)
	at java.base/java.nio.file.Files.newDirectoryStream(Files.java:482)
	at me.desair.tus.server.upload.disk.DiskLockingService.cleanupStaleLocks(DiskLockingService.java:59)
	at me.desair.tus.server.upload.cache.ThreadLocalCachedStorageAndLockingService.cleanupStaleLocks(ThreadLocalCachedStorageAndLockingService.java:184)
	at me.desair.tus.server.TusFileUploadService.cleanup(TusFileUploadService.java:409)
	at tus.util.video.com.practice.TusScheduler.tusCleanUp(TusScheduler.java:19)
	at java.base/jdk.internal.reflect.DirectMethodHandleAccessor.invoke(DirectMethodHandleAccessor.java:104)
	at java.base/java.lang.reflect.Method.invoke(Method.java:577)
	at org.springframework.scheduling.support.ScheduledMethodRunnable.runInternal(ScheduledMethodRunnable.java:130)
	at org.springframework.scheduling.support.ScheduledMethodRunnable.lambda$run$2(ScheduledMethodRunnable.java:124)
	at io.micrometer.observation.Observation.observe(Observation.java:499)
	at org.springframework.scheduling.support.ScheduledMethodRunnable.run(ScheduledMethodRunnable.java:124)
	at org.springframework.scheduling.support.DelegatingErrorHandlingRunnable.run(DelegatingErrorHandlingRunnable.java:54)
	at java.base/java.util.concurrent.Executors$RunnableAdapter.call(Executors.java:539)
	at java.base/java.util.concurrent.FutureTask.runAndReset$$$capture(FutureTask.java:305)
	at java.base/java.util.concurrent.FutureTask.runAndReset(FutureTask.java)
	at java.base/java.util.concurrent.ScheduledThreadPoolExecutor$ScheduledFutureTask.run(ScheduledThreadPoolExecutor.java:305)
	at java.base/java.util.concurrent.ThreadPoolExecutor.runWorker(ThreadPoolExecutor.java:1136)
	at java.base/java.util.concurrent.ThreadPoolExecutor$Worker.run(ThreadPoolExecutor.java:635)
	at java.base/java.lang.Thread.run(Thread.java:833)
[2024-01-14 01:50:23,138] INFO  [40172 - scheduling-1 - {tus.util.video.com.practice.TusScheduler => tusCleanUp, %PARSER_ERROR[l]}] tus.util.video.com.practice.TusScheduler : tusCleanUp Schedule process
[2024-01-14 01:50:23,138] ERROR [40172 - scheduling-1 - {org.springframework.scheduling.support.TaskUtils$LoggingErrorHandler => handleError, %PARSER_ERROR[l]}] org.springframework.scheduling.support.TaskUtils$LoggingErrorHandler : Unexpected error occurred in scheduled task
java.nio.file.NoSuchFileException: D:\download\tus_upload_folder\locks
	at java.base/sun.nio.fs.WindowsException.translateToIOException(WindowsException.java:85)
	at java.base/sun.nio.fs.WindowsException.rethrowAsIOException(WindowsException.java:103)
	at java.base/sun.nio.fs.WindowsException.rethrowAsIOException(WindowsException.java:108)
	at java.base/sun.nio.fs.WindowsDirectoryStream.<init>(WindowsDirectoryStream.java:86)
	at java.base/sun.nio.fs.WindowsFileSystemProvider.newDirectoryStream(WindowsFileSystemProvider.java:535)
	at java.base/java.nio.file.Files.newDirectoryStream(Files.java:482)
	at me.desair.tus.server.upload.disk.DiskLockingService.cleanupStaleLocks(DiskLockingService.java:59)
	at me.desair.tus.server.upload.cache.ThreadLocalCachedStorageAndLockingService.cleanupStaleLocks(ThreadLocalCachedStorageAndLockingService.java:184)
	at me.desair.tus.server.TusFileUploadService.cleanup(TusFileUploadService.java:409)
	at tus.util.video.com.practice.TusScheduler.tusCleanUp(TusScheduler.java:19)
	at java.base/jdk.internal.reflect.DirectMethodHandleAccessor.invoke(DirectMethodHandleAccessor.java:104)
	at java.base/java.lang.reflect.Method.invoke(Method.java:577)
	at org.springframework.scheduling.support.ScheduledMethodRunnable.runInternal(ScheduledMethodRunnable.java:130)
	at org.springframework.scheduling.support.ScheduledMethodRunnable.lambda$run$2(ScheduledMethodRunnable.java:124)
	at io.micrometer.observation.Observation.observe(Observation.java:499)
	at org.springframework.scheduling.support.ScheduledMethodRunnable.run(ScheduledMethodRunnable.java:124)
	at org.springframework.scheduling.support.DelegatingErrorHandlingRunnable.run(DelegatingErrorHandlingRunnable.java:54)
	at java.base/java.util.concurrent.Executors$RunnableAdapter.call(Executors.java:539)
	at java.base/java.util.concurrent.FutureTask.runAndReset$$$capture(FutureTask.java:305)
	at java.base/java.util.concurrent.FutureTask.runAndReset(FutureTask.java)
	at java.base/java.util.concurrent.ScheduledThreadPoolExecutor$ScheduledFutureTask.run(ScheduledThreadPoolExecutor.java:305)
	at java.base/java.util.concurrent.ThreadPoolExecutor.runWorker(ThreadPoolExecutor.java:1136)
	at java.base/java.util.concurrent.ThreadPoolExecutor$Worker.run(ThreadPoolExecutor.java:635)
	at java.base/java.lang.Thread.run(Thread.java:833)
[2024-01-14 01:50:32,641] INFO  [40172 - http-nio-8585-exec-2 - {org.apache.juli.logging.DirectJDKLog => log, %PARSER_ERROR[l]}] org.apache.catalina.core.ContainerBase.[Tomcat].[localhost].[/] : Initializing Spring DispatcherServlet 'dispatcherServlet'
[2024-01-14 01:50:32,641] INFO  [40172 - http-nio-8585-exec-2 - {org.springframework.web.servlet.FrameworkServlet => initServletBean, %PARSER_ERROR[l]}] org.springframework.web.servlet.DispatcherServlet : Initializing Servlet 'dispatcherServlet'
[2024-01-14 01:50:32,642] INFO  [40172 - http-nio-8585-exec-2 - {org.springframework.web.servlet.FrameworkServlet => initServletBean, %PARSER_ERROR[l]}] org.springframework.web.servlet.DispatcherServlet : Completed initialization in 1 ms
[2024-01-14 01:50:33,139] INFO  [40172 - scheduling-1 - {tus.util.video.com.practice.TusScheduler => tusCleanUp, %PARSER_ERROR[l]}] tus.util.video.com.practice.TusScheduler : tusCleanUp Schedule process
[2024-01-14 01:50:33,139] ERROR [40172 - scheduling-1 - {org.springframework.scheduling.support.TaskUtils$LoggingErrorHandler => handleError, %PARSER_ERROR[l]}] org.springframework.scheduling.support.TaskUtils$LoggingErrorHandler : Unexpected error occurred in scheduled task
java.nio.file.NoSuchFileException: D:\download\tus_upload_folder\locks
	at java.base/sun.nio.fs.WindowsException.translateToIOException(WindowsException.java:85)
	at java.base/sun.nio.fs.WindowsException.rethrowAsIOException(WindowsException.java:103)
	at java.base/sun.nio.fs.WindowsException.rethrowAsIOException(WindowsException.java:108)
	at java.base/sun.nio.fs.WindowsDirectoryStream.<init>(WindowsDirectoryStream.java:86)
	at java.base/sun.nio.fs.WindowsFileSystemProvider.newDirectoryStream(WindowsFileSystemProvider.java:535)
	at java.base/java.nio.file.Files.newDirectoryStream(Files.java:482)
	at me.desair.tus.server.upload.disk.DiskLockingService.cleanupStaleLocks(DiskLockingService.java:59)
	at me.desair.tus.server.upload.cache.ThreadLocalCachedStorageAndLockingService.cleanupStaleLocks(ThreadLocalCachedStorageAndLockingService.java:184)
	at me.desair.tus.server.TusFileUploadService.cleanup(TusFileUploadService.java:409)
	at tus.util.video.com.practice.TusScheduler.tusCleanUp(TusScheduler.java:19)
	at java.base/jdk.internal.reflect.DirectMethodHandleAccessor.invoke(DirectMethodHandleAccessor.java:104)
	at java.base/java.lang.reflect.Method.invoke(Method.java:577)
	at org.springframework.scheduling.support.ScheduledMethodRunnable.runInternal(ScheduledMethodRunnable.java:130)
	at org.springframework.scheduling.support.ScheduledMethodRunnable.lambda$run$2(ScheduledMethodRunnable.java:124)
	at io.micrometer.observation.Observation.observe(Observation.java:499)
	at org.springframework.scheduling.support.ScheduledMethodRunnable.run(ScheduledMethodRunnable.java:124)
	at org.springframework.scheduling.support.DelegatingErrorHandlingRunnable.run(DelegatingErrorHandlingRunnable.java:54)
	at java.base/java.util.concurrent.Executors$RunnableAdapter.call(Executors.java:539)
	at java.base/java.util.concurrent.FutureTask.runAndReset$$$capture(FutureTask.java:305)
	at java.base/java.util.concurrent.FutureTask.runAndReset(FutureTask.java)
	at java.base/java.util.concurrent.ScheduledThreadPoolExecutor$ScheduledFutureTask.run(ScheduledThreadPoolExecutor.java:305)
	at java.base/java.util.concurrent.ThreadPoolExecutor.runWorker(ThreadPoolExecutor.java:1136)
	at java.base/java.util.concurrent.ThreadPoolExecutor$Worker.run(ThreadPoolExecutor.java:635)
	at java.base/java.lang.Thread.run(Thread.java:833)
[2024-01-14 01:50:43,140] INFO  [40172 - scheduling-1 - {tus.util.video.com.practice.TusScheduler => tusCleanUp, %PARSER_ERROR[l]}] tus.util.video.com.practice.TusScheduler : tusCleanUp Schedule process
[2024-01-14 01:50:43,140] ERROR [40172 - scheduling-1 - {org.springframework.scheduling.support.TaskUtils$LoggingErrorHandler => handleError, %PARSER_ERROR[l]}] org.springframework.scheduling.support.TaskUtils$LoggingErrorHandler : Unexpected error occurred in scheduled task
java.nio.file.NoSuchFileException: D:\download\tus_upload_folder\locks
	at java.base/sun.nio.fs.WindowsException.translateToIOException(WindowsException.java:85)
	at java.base/sun.nio.fs.WindowsException.rethrowAsIOException(WindowsException.java:103)
	at java.base/sun.nio.fs.WindowsException.rethrowAsIOException(WindowsException.java:108)
	at java.base/sun.nio.fs.WindowsDirectoryStream.<init>(WindowsDirectoryStream.java:86)
	at java.base/sun.nio.fs.WindowsFileSystemProvider.newDirectoryStream(WindowsFileSystemProvider.java:535)
	at java.base/java.nio.file.Files.newDirectoryStream(Files.java:482)
	at me.desair.tus.server.upload.disk.DiskLockingService.cleanupStaleLocks(DiskLockingService.java:59)
	at me.desair.tus.server.upload.cache.ThreadLocalCachedStorageAndLockingService.cleanupStaleLocks(ThreadLocalCachedStorageAndLockingService.java:184)
	at me.desair.tus.server.TusFileUploadService.cleanup(TusFileUploadService.java:409)
	at tus.util.video.com.practice.TusScheduler.tusCleanUp(TusScheduler.java:19)
	at java.base/jdk.internal.reflect.DirectMethodHandleAccessor.invoke(DirectMethodHandleAccessor.java:104)
	at java.base/java.lang.reflect.Method.invoke(Method.java:577)
	at org.springframework.scheduling.support.ScheduledMethodRunnable.runInternal(ScheduledMethodRunnable.java:130)
	at org.springframework.scheduling.support.ScheduledMethodRunnable.lambda$run$2(ScheduledMethodRunnable.java:124)
	at io.micrometer.observation.Observation.observe(Observation.java:499)
	at org.springframework.scheduling.support.ScheduledMethodRunnable.run(ScheduledMethodRunnable.java:124)
	at org.springframework.scheduling.support.DelegatingErrorHandlingRunnable.run(DelegatingErrorHandlingRunnable.java:54)
	at java.base/java.util.concurrent.Executors$RunnableAdapter.call(Executors.java:539)
	at java.base/java.util.concurrent.FutureTask.runAndReset$$$capture(FutureTask.java:305)
	at java.base/java.util.concurrent.FutureTask.runAndReset(FutureTask.java)
	at java.base/java.util.concurrent.ScheduledThreadPoolExecutor$ScheduledFutureTask.run(ScheduledThreadPoolExecutor.java:305)
	at java.base/java.util.concurrent.ThreadPoolExecutor.runWorker(ThreadPoolExecutor.java:1136)
	at java.base/java.util.concurrent.ThreadPoolExecutor$Worker.run(ThreadPoolExecutor.java:635)
	at java.base/java.lang.Thread.run(Thread.java:833)
[2024-01-14 01:50:47,400] WARN  [40172 - SpringApplicationShutdownHook - {org.springframework.beans.factory.annotation.InitDestroyAnnotationBeanPostProcessor => postProcessBeforeDestruction, %PARSER_ERROR[l]}] org.springframework.context.annotation.CommonAnnotationBeanPostProcessor : Destroy method on bean with name 'tusProtocolConfig' threw an exception: org.springframework.beans.factory.BeanCreationNotAllowedException: Error creating bean with name 'tus': Singleton bean creation not allowed while singletons of this factory are in destruction (Do not request a bean from a BeanFactory in a destroy method implementation!)
